[0m2022-03-19 19:18:40 V/Net 1284232500: Loading server list from cache.[0m
[92m2022-03-19 19:18:40 I/Net 1284232500: Server list: 39.156.126.162:80, 36.155.209.114:8080, 120.232.69.203:8080, 36.155.201.156:80, 120.232.130.74:8080, msfwifi.3g.qq.com:8080, 120.232.67.211:443, 39.156.125.70:80, 211.136.109.25:14000, 39.156.125.20:80.[0m
[92m2022-03-19 19:18:41 I/Net 1284232500: ECDH key is invalid, start to fetch ecdh public key from server.[0m
[92m2022-03-19 19:18:42 I/Net 1284232500: Successfully fetched ecdh public key from server.[0m
[0m2022-03-19 19:18:42 V/Net 1284232500: Send: wtlogin.exchange_emp[0m
[0m2022-03-19 19:18:42 V/Net 1284232500: Recv: wtlogin.exchange_emp[0m
[0m2022-03-19 19:18:42 V/Net 1284232500: Send: StatSvc.register(online)[0m
[92m2022-03-19 19:18:42 I/Net 1284232500: Server time updated, serverTime: 1647688736, diff: 14ms=0.014s[0m
[0m2022-03-19 19:18:42 V/Net 1284232500: Recv: StatSvc.register[0m
[0m2022-03-19 19:18:42 V/Net 1284232500: Loading BdhSession from cache file[0m
[92m2022-03-19 19:18:42 I/Net 1284232500: Syncing friend message history...[0m
[92m2022-03-19 19:18:42 I/Net 1284232500: Start loading friend list...[0m
[92m2022-03-19 19:18:42 I/Net 1284232500: Start loading stranger list...[0m
[0m2022-03-19 19:18:42 V/Net 1284232500: Send: StatSvc.GetDevLoginInfo(StatSvc.GetDevLoginInfo)[0m
[0m2022-03-19 19:18:42 V/Net 1284232500: Send: OidbSvc.0x496(OidbSvc.0x496)[0m
[0m2022-03-19 19:18:42 V/Net 1284232500: Send: friendlist.getFriendGroupList(friendlist.getFriendGroupList)[0m
[0m2022-03-19 19:18:42 V/Net 1284232500: Send: OidbSvc.0x5d2_0(OidbSvc.0x5d2_0)[0m
[92m2022-03-19 19:18:42 I/Net 1284232500: Start loading group list...[0m
[0m2022-03-19 19:18:42 V/Net 1284232500: Recv: OidbSvc.0x496[0m
[0m2022-03-19 19:18:42 V/Net 1284232500: Send: friendlist.GetTroopListReqV2(friendlist.GetTroopListReqV2)[0m
[0m2022-03-19 19:18:42 V/Net 1284232500: Recv: StatSvc.GetDevLoginInfo[0m
[92m2022-03-19 19:18:42 I/Net 1284232500: No OtherClient online.[0m
[0m2022-03-19 19:18:42 V/Net 1284232500: Recv: OidbSvc.0x5d2_0[0m
[92m2022-03-19 19:18:42 I/Net 1284232500: Successfully loaded stranger list: 0 in total[0m
[0m2022-03-19 19:18:42 V/Net 1284232500: Recv: friendlist.getFriendGroupList[0m
[0m2022-03-19 19:18:42 V/Net 1284232500: Loading friend list: 3/3[0m
[92m2022-03-19 19:18:42 I/Net 1284232500: Successfully loaded friend list: 3 in total[0m
[92m2022-03-19 19:18:42 I/Net 1284232500: Syncing friend message history: Success.[0m
[0m2022-03-19 19:18:42 V/Net 1284232500: Recv: friendlist.GetTroopListReqV2[0m
[0m2022-03-19 19:18:42 V/Net 1284232500: Send: friendlist.GetTroopMemberListReq(friendlist.GetTroopMemberListReq)[0m
[0m2022-03-19 19:18:42 V/Net 1284232500: Send: friendlist.GetTroopMemberListReq(friendlist.GetTroopMemberListReq)[0m
[0m2022-03-19 19:18:42 V/Net 1284232500: Send: friendlist.GetTroopMemberListReq(friendlist.GetTroopMemberListReq)[0m
[0m2022-03-19 19:18:42 V/Net 1284232500: Send: friendlist.GetTroopMemberListReq(friendlist.GetTroopMemberListReq)[0m
[0m2022-03-19 19:18:42 V/Net 1284232500: Send: friendlist.GetTroopMemberListReq(friendlist.GetTroopMemberListReq)[0m
[0m2022-03-19 19:18:42 V/Net 1284232500: Recv: friendlist.GetTroopMemberListReq[0m
[0m2022-03-19 19:18:42 V/Net 1284232500: Recv: friendlist.GetTroopMemberListReq[0m
[0m2022-03-19 19:18:42 V/Net 1284232500: Recv: friendlist.GetTroopMemberListReq[0m
[0m2022-03-19 19:18:42 V/Net 1284232500: Recv: friendlist.GetTroopMemberListReq[0m
[0m2022-03-19 19:18:42 V/Net 1284232500: Send: friendlist.GetTroopMemberListReq(friendlist.GetTroopMemberListReq)[0m
[0m2022-03-19 19:18:42 V/Net 1284232500: Recv: friendlist.GetTroopMemberListReq[0m
[0m2022-03-19 19:18:43 V/Net 1284232500: Recv: friendlist.GetTroopMemberListReq[0m
[0m2022-03-19 19:18:43 V/Net 1284232500: Send: friendlist.GetTroopMemberListReq(friendlist.GetTroopMemberListReq)[0m
[0m2022-03-19 19:18:43 V/Net 1284232500: Recv: friendlist.GetTroopMemberListReq[0m
[0m2022-03-19 19:18:43 V/Net 1284232500: Send: friendlist.GetTroopMemberListReq(friendlist.GetTroopMemberListReq)[0m
[0m2022-03-19 19:18:43 V/Net 1284232500: Recv: friendlist.GetTroopMemberListReq[0m
[0m2022-03-19 19:18:43 V/Net 1284232500: Send: friendlist.GetTroopMemberListReq(friendlist.GetTroopMemberListReq)[0m
[0m2022-03-19 19:18:43 V/Net 1284232500: Recv: friendlist.GetTroopMemberListReq[0m
[0m2022-03-19 19:18:43 V/Net 1284232500: Send: friendlist.GetTroopMemberListReq(friendlist.GetTroopMemberListReq)[0m
[0m2022-03-19 19:18:43 V/Net 1284232500: Recv: friendlist.GetTroopMemberListReq[0m
[0m2022-03-19 19:18:43 V/Net 1284232500: Send: friendlist.GetTroopMemberListReq(friendlist.GetTroopMemberListReq)[0m
[0m2022-03-19 19:18:44 V/Net 1284232500: Recv: friendlist.GetTroopMemberListReq[0m
[92m2022-03-19 19:18:44 I/Net 1284232500: Successfully loaded group list: 5 in total.[0m
[92m2022-03-19 19:18:44 I/Net 1284232500: Scheduled refresh login session in 19d 23h 55min 0.0s.[0m
[92m2022-03-19 19:18:44 I/Net 1284232500: Scheduled key refresh in 23h 55min 0.0s.[0m
[0m2022-03-19 19:18:45 V/Net 1284232500: Saving bdh session to cache[0m
[0m2022-03-19 19:18:45 V/Net 1284232500: Send: ConfigPushSvc.PushResp(ConfigPushSvc.PushResp)[0m
[0m2022-03-19 19:18:45 V/Net 1284232500: Recv: ConfigPushSvc.PushReq[0m
[0m2022-03-19 19:20:28 V/Net 1284232500: Loading server list from cache.[0m
[92m2022-03-19 19:20:28 I/Net 1284232500: Server list: 39.156.126.162:80, 36.155.209.114:8080, 120.232.69.203:8080, 36.155.201.156:80, 120.232.130.74:8080, msfwifi.3g.qq.com:8080, 120.232.67.211:443, 39.156.125.70:80, 211.136.109.25:14000, 39.156.125.20:80.[0m
[92m2022-03-19 19:20:28 I/Net 1284232500: ECDH key is valid.[0m
[0m2022-03-19 19:20:29 V/Net 1284232500: Send: wtlogin.exchange_emp[0m
[0m2022-03-19 19:20:29 V/Net 1284232500: Recv: wtlogin.exchange_emp[0m
[0m2022-03-19 19:20:29 V/Net 1284232500: Send: StatSvc.register(online)[0m
[92m2022-03-19 19:20:29 I/Net 1284232500: Server time updated, serverTime: 1647688843, diff: 14ms=0.014s[0m
[0m2022-03-19 19:20:29 V/Net 1284232500: Recv: StatSvc.register[0m
[0m2022-03-19 19:20:29 V/Net 1284232500: Loading BdhSession from cache file[0m
[92m2022-03-19 19:20:29 I/Net 1284232500: Syncing friend message history...[0m
[92m2022-03-19 19:20:29 I/Net 1284232500: Start loading friend list...[0m
[92m2022-03-19 19:20:29 I/Net 1284232500: Start loading stranger list...[0m
[0m2022-03-19 19:20:29 V/Net 1284232500: Send: StatSvc.GetDevLoginInfo(StatSvc.GetDevLoginInfo)[0m
[0m2022-03-19 19:20:29 V/Net 1284232500: Send: OidbSvc.0x496(OidbSvc.0x496)[0m
[0m2022-03-19 19:20:29 V/Net 1284232500: Send: friendlist.getFriendGroupList(friendlist.getFriendGroupList)[0m
[0m2022-03-19 19:20:29 V/Net 1284232500: Send: OidbSvc.0x5d2_0(OidbSvc.0x5d2_0)[0m
[0m2022-03-19 19:20:29 V/Net 1284232500: Recv: OidbSvc.0x496[0m
[92m2022-03-19 19:20:29 I/Net 1284232500: Start loading group list...[0m
[0m2022-03-19 19:20:29 V/Net 1284232500: Send: friendlist.GetTroopListReqV2(friendlist.GetTroopListReqV2)[0m
[92m2022-03-19 19:20:29 I/Net 1284232500: Successfully loaded stranger list: 0 in total[0m
[0m2022-03-19 19:20:29 V/Net 1284232500: Recv: OidbSvc.0x5d2_0[0m
[0m2022-03-19 19:20:29 V/Net 1284232500: Recv: StatSvc.GetDevLoginInfo[0m
[92m2022-03-19 19:20:29 I/Net 1284232500: No OtherClient online.[0m
[0m2022-03-19 19:20:29 V/Net 1284232500: Recv: friendlist.GetTroopListReqV2[0m
[0m2022-03-19 19:20:29 V/Net 1284232500: Send: friendlist.GetTroopMemberListReq(friendlist.GetTroopMemberListReq)[0m
[0m2022-03-19 19:20:29 V/Net 1284232500: Send: friendlist.GetTroopMemberListReq(friendlist.GetTroopMemberListReq)[0m
[0m2022-03-19 19:20:29 V/Net 1284232500: Send: friendlist.GetTroopMemberListReq(friendlist.GetTroopMemberListReq)[0m
[0m2022-03-19 19:20:29 V/Net 1284232500: Send: friendlist.GetTroopMemberListReq(friendlist.GetTroopMemberListReq)[0m
[0m2022-03-19 19:20:29 V/Net 1284232500: Send: friendlist.GetTroopMemberListReq(friendlist.GetTroopMemberListReq)[0m
[0m2022-03-19 19:20:29 V/Net 1284232500: Recv: friendlist.getFriendGroupList[0m
[0m2022-03-19 19:20:29 V/Net 1284232500: Loading friend list: 3/3[0m
[92m2022-03-19 19:20:29 I/Net 1284232500: Successfully loaded friend list: 3 in total[0m
[92m2022-03-19 19:20:29 I/Net 1284232500: Syncing friend message history: Success.[0m
[0m2022-03-19 19:20:29 V/Net 1284232500: Recv: friendlist.GetTroopMemberListReq[0m
[0m2022-03-19 19:20:29 V/Net 1284232500: Recv: friendlist.GetTroopMemberListReq[0m
[0m2022-03-19 19:20:29 V/Net 1284232500: Recv: friendlist.GetTroopMemberListReq[0m
[0m2022-03-19 19:20:29 V/Net 1284232500: Recv: friendlist.GetTroopMemberListReq[0m
[0m2022-03-19 19:20:29 V/Net 1284232500: Recv: friendlist.GetTroopMemberListReq[0m
[0m2022-03-19 19:20:29 V/Net 1284232500: Send: friendlist.GetTroopMemberListReq(friendlist.GetTroopMemberListReq)[0m
[0m2022-03-19 19:20:29 V/Net 1284232500: Recv: friendlist.GetTroopMemberListReq[0m
[0m2022-03-19 19:20:29 V/Net 1284232500: Send: friendlist.GetTroopMemberListReq(friendlist.GetTroopMemberListReq)[0m
[0m2022-03-19 19:20:29 V/Net 1284232500: Recv: friendlist.GetTroopMemberListReq[0m
[0m2022-03-19 19:20:29 V/Net 1284232500: Send: friendlist.GetTroopMemberListReq(friendlist.GetTroopMemberListReq)[0m
[0m2022-03-19 19:20:30 V/Net 1284232500: Recv: friendlist.GetTroopMemberListReq[0m
[0m2022-03-19 19:20:30 V/Net 1284232500: Send: friendlist.GetTroopMemberListReq(friendlist.GetTroopMemberListReq)[0m
[0m2022-03-19 19:20:30 V/Net 1284232500: Recv: friendlist.GetTroopMemberListReq[0m
[0m2022-03-19 19:20:30 V/Net 1284232500: Send: friendlist.GetTroopMemberListReq(friendlist.GetTroopMemberListReq)[0m
[0m2022-03-19 19:20:30 V/Net 1284232500: Recv: friendlist.GetTroopMemberListReq[0m
[0m2022-03-19 19:20:30 V/Net 1284232500: Send: friendlist.GetTroopMemberListReq(friendlist.GetTroopMemberListReq)[0m
[0m2022-03-19 19:20:30 V/Net 1284232500: Recv: friendlist.GetTroopMemberListReq[0m
[92m2022-03-19 19:20:30 I/Net 1284232500: Successfully loaded group list: 5 in total.[0m
[92m2022-03-19 19:20:30 I/Net 1284232500: Scheduled refresh login session in 19d 23h 55min 0.0s.[0m
[92m2022-03-19 19:20:30 I/Net 1284232500: Scheduled key refresh in 23h 55min 0.0s.[0m
[0m2022-03-19 19:20:32 V/Net 1284232500: Saving bdh session to cache[0m
[0m2022-03-19 19:20:32 V/Net 1284232500: Send: ConfigPushSvc.PushResp(ConfigPushSvc.PushResp)[0m
[0m2022-03-19 19:20:32 V/Net 1284232500: Recv: ConfigPushSvc.PushReq[0m
[0m2022-03-19 19:22:44 V/Net 1284232500: Loading server list from cache.[0m
[92m2022-03-19 19:22:44 I/Net 1284232500: Server list: 39.156.126.162:80, 36.155.209.114:8080, 120.232.69.203:8080, 36.155.201.156:80, 120.232.130.74:8080, msfwifi.3g.qq.com:8080, 120.232.67.211:443, 39.156.125.70:80, 211.136.109.25:14000, 39.156.125.20:80.[0m
[92m2022-03-19 19:22:45 I/Net 1284232500: ECDH key is valid.[0m
[0m2022-03-19 19:22:45 V/Net 1284232500: Send: wtlogin.exchange_emp[0m
[0m2022-03-19 19:22:46 V/Net 1284232500: Recv: wtlogin.exchange_emp[0m
[0m2022-03-19 19:22:46 V/Net 1284232500: Send: StatSvc.register(online)[0m
[92m2022-03-19 19:22:46 I/Net 1284232500: Server time updated, serverTime: 1647688980, diff: 14ms=0.014s[0m
[0m2022-03-19 19:22:46 V/Net 1284232500: Recv: StatSvc.register[0m
[0m2022-03-19 19:22:46 V/Net 1284232500: Loading BdhSession from cache file[0m
[92m2022-03-19 19:22:46 I/Net 1284232500: Syncing friend message history...[0m
[92m2022-03-19 19:22:46 I/Net 1284232500: Start loading friend list...[0m
[92m2022-03-19 19:22:46 I/Net 1284232500: Start loading stranger list...[0m
[0m2022-03-19 19:22:46 V/Net 1284232500: Send: StatSvc.GetDevLoginInfo(StatSvc.GetDevLoginInfo)[0m
[0m2022-03-19 19:22:46 V/Net 1284232500: Send: OidbSvc.0x496(OidbSvc.0x496)[0m
[0m2022-03-19 19:22:46 V/Net 1284232500: Send: OidbSvc.0x5d2_0(OidbSvc.0x5d2_0)[0m
[0m2022-03-19 19:22:46 V/Net 1284232500: Send: friendlist.getFriendGroupList(friendlist.getFriendGroupList)[0m
[0m2022-03-19 19:22:46 V/Net 1284232500: Recv: OidbSvc.0x5d2_0[0m
[92m2022-03-19 19:22:46 I/Net 1284232500: Successfully loaded stranger list: 0 in total[0m
[0m2022-03-19 19:22:46 V/Net 1284232500: Recv: StatSvc.GetDevLoginInfo[0m
[92m2022-03-19 19:22:46 I/Net 1284232500: No OtherClient online.[0m
[92m2022-03-19 19:22:46 I/Net 1284232500: Start loading group list...[0m
[0m2022-03-19 19:22:46 V/Net 1284232500: Recv: OidbSvc.0x496[0m
[0m2022-03-19 19:22:46 V/Net 1284232500: Send: friendlist.GetTroopListReqV2(friendlist.GetTroopListReqV2)[0m
[0m2022-03-19 19:22:46 V/Net 1284232500: Recv: friendlist.getFriendGroupList[0m
[0m2022-03-19 19:22:46 V/Net 1284232500: Loading friend list: 3/3[0m
[92m2022-03-19 19:22:46 I/Net 1284232500: Successfully loaded friend list: 3 in total[0m
[0m2022-03-19 19:22:46 V/Net 1284232500: Recv: friendlist.GetTroopListReqV2[0m
[0m2022-03-19 19:22:46 V/Net 1284232500: Send: friendlist.GetTroopMemberListReq(friendlist.GetTroopMemberListReq)[0m
[0m2022-03-19 19:22:46 V/Net 1284232500: Send: friendlist.GetTroopMemberListReq(friendlist.GetTroopMemberListReq)[0m
[0m2022-03-19 19:22:46 V/Net 1284232500: Send: friendlist.GetTroopMemberListReq(friendlist.GetTroopMemberListReq)[0m
[0m2022-03-19 19:22:46 V/Net 1284232500: Send: friendlist.GetTroopMemberListReq(friendlist.GetTroopMemberListReq)[0m
[0m2022-03-19 19:22:46 V/Net 1284232500: Send: friendlist.GetTroopMemberListReq(friendlist.GetTroopMemberListReq)[0m
[92m2022-03-19 19:22:46 I/Net 1284232500: Syncing friend message history: Success.[0m
[0m2022-03-19 19:22:46 V/Net 1284232500: Recv: friendlist.GetTroopMemberListReq[0m
[0m2022-03-19 19:22:46 V/Net 1284232500: Recv: friendlist.GetTroopMemberListReq[0m
[0m2022-03-19 19:22:46 V/Net 1284232500: Recv: friendlist.GetTroopMemberListReq[0m
[0m2022-03-19 19:22:46 V/Net 1284232500: Recv: friendlist.GetTroopMemberListReq[0m
[0m2022-03-19 19:22:46 V/Net 1284232500: Recv: friendlist.GetTroopMemberListReq[0m
[0m2022-03-19 19:22:46 V/Net 1284232500: Send: friendlist.GetTroopMemberListReq(friendlist.GetTroopMemberListReq)[0m
[0m2022-03-19 19:22:46 V/Net 1284232500: Recv: friendlist.GetTroopMemberListReq[0m
[0m2022-03-19 19:22:46 V/Net 1284232500: Send: friendlist.GetTroopMemberListReq(friendlist.GetTroopMemberListReq)[0m
[0m2022-03-19 19:22:47 V/Net 1284232500: Recv: friendlist.GetTroopMemberListReq[0m
[0m2022-03-19 19:22:47 V/Net 1284232500: Send: friendlist.GetTroopMemberListReq(friendlist.GetTroopMemberListReq)[0m
[0m2022-03-19 19:22:47 V/Net 1284232500: Recv: friendlist.GetTroopMemberListReq[0m
[0m2022-03-19 19:22:47 V/Net 1284232500: Send: friendlist.GetTroopMemberListReq(friendlist.GetTroopMemberListReq)[0m
[0m2022-03-19 19:22:47 V/Net 1284232500: Recv: friendlist.GetTroopMemberListReq[0m
[0m2022-03-19 19:22:47 V/Net 1284232500: Send: friendlist.GetTroopMemberListReq(friendlist.GetTroopMemberListReq)[0m
[0m2022-03-19 19:22:47 V/Net 1284232500: Recv: friendlist.GetTroopMemberListReq[0m
[0m2022-03-19 19:22:47 V/Net 1284232500: Send: friendlist.GetTroopMemberListReq(friendlist.GetTroopMemberListReq)[0m
[0m2022-03-19 19:22:47 V/Net 1284232500: Recv: friendlist.GetTroopMemberListReq[0m
[92m2022-03-19 19:22:47 I/Net 1284232500: Successfully loaded group list: 5 in total.[0m
[92m2022-03-19 19:22:47 I/Net 1284232500: Scheduled refresh login session in 19d 23h 55min 0.0s.[0m
[92m2022-03-19 19:22:47 I/Net 1284232500: Scheduled key refresh in 23h 55min 0.0s.[0m
[0m2022-03-19 19:22:49 V/Net 1284232500: Saving bdh session to cache[0m
[0m2022-03-19 19:22:49 V/Net 1284232500: Send: ConfigPushSvc.PushResp(ConfigPushSvc.PushResp)[0m
[0m2022-03-19 19:22:49 V/Net 1284232500: Recv: ConfigPushSvc.PushReq[0m
[0m2022-03-19 19:42:15 V/Net 1284232500: Loading server list from cache.[0m
[92m2022-03-19 19:42:15 I/Net 1284232500: Server list: 39.156.126.162:80, 36.155.209.114:8080, 120.232.69.203:8080, 36.155.201.156:80, 120.232.130.74:8080, msfwifi.3g.qq.com:8080, 120.232.67.211:443, 39.156.125.70:80, 211.136.109.25:14000, 39.156.125.20:80.[0m
[92m2022-03-19 19:42:16 I/Net 1284232500: ECDH key is valid.[0m
[0m2022-03-19 19:42:16 V/Net 1284232500: Send: wtlogin.exchange_emp[0m
[0m2022-03-19 19:42:17 V/Net 1284232500: Recv: wtlogin.exchange_emp[0m
[0m2022-03-19 19:42:17 V/Net 1284232500: Send: StatSvc.register(online)[0m
[92m2022-03-19 19:42:17 I/Net 1284232500: Server time updated, serverTime: 1647690150, diff: 13ms=0.013s[0m
[0m2022-03-19 19:42:17 V/Net 1284232500: Recv: StatSvc.register[0m
[0m2022-03-19 19:42:17 V/Net 1284232500: Loading BdhSession from cache file[0m
[92m2022-03-19 19:42:17 I/Net 1284232500: Syncing friend message history...[0m
[92m2022-03-19 19:42:17 I/Net 1284232500: Start loading friend list...[0m
[92m2022-03-19 19:42:17 I/Net 1284232500: Start loading stranger list...[0m
[0m2022-03-19 19:42:17 V/Net 1284232500: Send: OidbSvc.0x496(OidbSvc.0x496)[0m
[0m2022-03-19 19:42:17 V/Net 1284232500: Send: OidbSvc.0x5d2_0(OidbSvc.0x5d2_0)[0m
[0m2022-03-19 19:42:17 V/Net 1284232500: Send: friendlist.getFriendGroupList(friendlist.getFriendGroupList)[0m
[0m2022-03-19 19:42:17 V/Net 1284232500: Send: StatSvc.GetDevLoginInfo(StatSvc.GetDevLoginInfo)[0m
[0m2022-03-19 19:42:17 V/Net 1284232500: Recv: MessageSvc.PushForceOffline[0m
[91m2022-03-19 19:42:17 W/Net 1284232500: An exception was thrown during initialization process of Bot 1284232500. Trying to ignore the error and continue logging in...
StateSwitchingException(old=StateLoading, new=StateClosed, cause=net.mamoe.mirai.internal.network.impl.netty.ForceOfflineException: ä½ çš„å¸å·äº19:34åœ¨å¦ä¸€å°Androidæ‰‹æœºç™»å½•äº†QQã€‚å¦‚éæœ¬äººæ“ä½œï¼Œåˆ™å¯†ç å¯èƒ½å·²æ³„éœ²ï¼Œå»ºè®®å‰å¾€http://aq.qq.com/ä¿®æ”¹å¯†ç æˆ–ç´§æ€¥å†»ç»“å¸å·ã€‚)
	at net.mamoe.mirai.internal.network.handler.NetworkHandlerSupport.setStateImpl$mirai_core(NetworkHandlerSupport.kt:261)
	at net.mamoe.mirai.internal.network.impl.netty.NettyNetworkHandler.close(NettyNetworkHandler.kt:409)
	at net.mamoe.mirai.internal.network.handler.selector.SelectorNetworkHandler.close(SelectorNetworkHandler.kt:79)
	at net.mamoe.mirai.internal.network.protocol.packet.chat.receive.MessageSvcPushForceOffline.handle(MessageSvc.PushForceOffline.kt:35)
	at net.mamoe.mirai.internal.network.protocol.packet.chat.receive.MessageSvcPushForceOffline.handle(MessageSvc.PushForceOffline.kt:25)
	at net.mamoe.mirai.internal.network.components.CallPacketFactoryPacketHandler.handlePacket(PacketHandler.kt:110)
	at net.mamoe.mirai.internal.network.components.PacketHandlerChain.handlePacket(PacketHandler.kt:42)
	at net.mamoe.mirai.internal.network.handler.NetworkHandlerSupport$collectReceived$3.invokeSuspend(NetworkHandlerSupport.kt:84)
	at net.mamoe.mirai.internal.network.handler.NetworkHandlerSupport$collectReceived$3.invoke(NetworkHandlerSupport.kt)
	at net.mamoe.mirai.internal.network.handler.NetworkHandlerSupport$collectReceived$3.invoke(NetworkHandlerSupport.kt)
	at kotlinx.coroutines.intrinsics.UndispatchedKt.startCoroutineUndispatched(Undispatched.kt:55)
	at kotlinx.coroutines.CoroutineStart.invoke(CoroutineStart.kt:112)
	at kotlinx.coroutines.AbstractCoroutine.start(AbstractCoroutine.kt:126)
	at kotlinx.coroutines.BuildersKt__Builders_commonKt.launch(Builders.common.kt:56)
	at kotlinx.coroutines.BuildersKt.launch(Unknown Source)
	at kotlinx.coroutines.BuildersKt__Builders_commonKt.launch$default(Builders.common.kt:47)
	at kotlinx.coroutines.BuildersKt.launch$default(Unknown Source)
	at net.mamoe.mirai.internal.network.handler.NetworkHandlerSupport.collectReceived$mirai_core(NetworkHandlerSupport.kt:82)
	at net.mamoe.mirai.internal.network.impl.netty.NettyNetworkHandler$PacketDecodePipeline$send$1.invokeSuspend(NettyNetworkHandler.kt:178)
	at kotlin.coroutines.jvm.internal.BaseContinuationImpl.resumeWith(ContinuationImpl.kt:33)
	at kotlinx.coroutines.DispatchedTask.run(DispatchedTask.kt:106)
	at io.netty.util.concurrent.AbstractEventExecutor.safeExecute(AbstractEventExecutor.java:164)
	at io.netty.util.concurrent.SingleThreadEventExecutor.runAllTasks(SingleThreadEventExecutor.java:472)
	at io.netty.channel.nio.NioEventLoop.run(NioEventLoop.java:500)
	at io.netty.util.concurrent.SingleThreadEventExecutor$4.run(SingleThreadEventExecutor.java:989)
	at io.netty.util.internal.ThreadExecutorMap$2.run(ThreadExecutorMap.java:74)
	at io.netty.util.concurrent.FastThreadLocalRunnable.run(FastThreadLocalRunnable.java:30)
	at java.base/java.lang.Thread.run(Thread.java:832)
Caused by: net.mamoe.mirai.internal.network.impl.netty.ForceOfflineException: ä½ çš„å¸å·äº19:34åœ¨å¦ä¸€å°Androidæ‰‹æœºç™»å½•äº†QQã€‚å¦‚éæœ¬äººæ“ä½œï¼Œåˆ™å¯†ç å¯èƒ½å·²æ³„éœ²ï¼Œå»ºè®®å‰å¾€http://aq.qq.com/ä¿®æ”¹å¯†ç æˆ–ç´§æ€¥å†»ç»“å¸å·ã€‚
	... 25 more
	Suppressed: java.util.concurrent.CancellationException: NetworkHandler closed
		at kotlinx.coroutines.ExceptionsKt.CancellationException(Exceptions.kt:22)
		at kotlinx.coroutines.JobKt__JobKt.cancel(Job.kt:602)
		at kotlinx.coroutines.JobKt.cancel(Unknown Source)
		at net.mamoe.mirai.internal.network.handler.NetworkHandlerSupport.close(NetworkHandlerSupport.kt:55)
		at net.mamoe.mirai.internal.network.impl.netty.NettyNetworkHandler.close(NettyNetworkHandler.kt:191)
		at net.mamoe.mirai.internal.network.handler.selector.SelectorNetworkHandler.close(SelectorNetworkHandler.kt:79)
		... 25 more
	Caused by: [CIRCULAR REFERENCE: net.mamoe.mirai.internal.network.impl.netty.ForceOfflineException: ä½ çš„å¸å·äº19:34åœ¨å¦ä¸€å°Androidæ‰‹æœºç™»å½•äº†QQã€‚å¦‚éæœ¬äººæ“ä½œï¼Œåˆ™å¯†ç å¯èƒ½å·²æ³„éœ²ï¼Œå»ºè®®å‰å¾€http://aq.qq.com/ä¿®æ”¹å¯†ç æˆ–ç´§æ€¥å†»ç»“å¸å·ã€‚]
[0m
[31m2022-03-19 19:42:17 E/Net 1284232500: Exception in coroutine 'unnamed'
net.mamoe.mirai.internal.network.impl.netty.ForceOfflineException: ä½ çš„å¸å·äº19:34åœ¨å¦ä¸€å°Androidæ‰‹æœºç™»å½•äº†QQã€‚å¦‚éæœ¬äººæ“ä½œï¼Œåˆ™å¯†ç å¯èƒ½å·²æ³„éœ²ï¼Œå»ºè®®å‰å¾€http://aq.qq.com/ä¿®æ”¹å¯†ç æˆ–ç´§æ€¥å†»ç»“å¸å·ã€‚
	at net.mamoe.mirai.internal.network.protocol.packet.chat.receive.MessageSvcPushForceOffline.handle(MessageSvc.PushForceOffline.kt:35)
	at net.mamoe.mirai.internal.network.protocol.packet.chat.receive.MessageSvcPushForceOffline.handle(MessageSvc.PushForceOffline.kt:25)
	at net.mamoe.mirai.internal.network.components.CallPacketFactoryPacketHandler.handlePacket(PacketHandler.kt:110)
	at net.mamoe.mirai.internal.network.components.PacketHandlerChain.handlePacket(PacketHandler.kt:42)
	at net.mamoe.mirai.internal.network.handler.NetworkHandlerSupport$collectReceived$3.invokeSuspend(NetworkHandlerSupport.kt:84)
	at net.mamoe.mirai.internal.network.handler.NetworkHandlerSupport$collectReceived$3.invoke(NetworkHandlerSupport.kt)
	at net.mamoe.mirai.internal.network.handler.NetworkHandlerSupport$collectReceived$3.invoke(NetworkHandlerSupport.kt)
	at kotlinx.coroutines.intrinsics.UndispatchedKt.startCoroutineUndispatched(Undispatched.kt:55)
	at kotlinx.coroutines.CoroutineStart.invoke(CoroutineStart.kt:112)
	at kotlinx.coroutines.AbstractCoroutine.start(AbstractCoroutine.kt:126)
	at kotlinx.coroutines.BuildersKt__Builders_commonKt.launch(Builders.common.kt:56)
	at kotlinx.coroutines.BuildersKt.launch(Unknown Source)
	at kotlinx.coroutines.BuildersKt__Builders_commonKt.launch$default(Builders.common.kt:47)
	at kotlinx.coroutines.BuildersKt.launch$default(Unknown Source)
	at net.mamoe.mirai.internal.network.handler.NetworkHandlerSupport.collectReceived$mirai_core(NetworkHandlerSupport.kt:82)
	at net.mamoe.mirai.internal.network.impl.netty.NettyNetworkHandler$PacketDecodePipeline$send$1.invokeSuspend(NettyNetworkHandler.kt:178)
	at kotlin.coroutines.jvm.internal.BaseContinuationImpl.resumeWith(ContinuationImpl.kt:33)
	at kotlinx.coroutines.DispatchedTask.run(DispatchedTask.kt:106)
	at io.netty.util.concurrent.AbstractEventExecutor.safeExecute(AbstractEventExecutor.java:164)
	at io.netty.util.concurrent.SingleThreadEventExecutor.runAllTasks(SingleThreadEventExecutor.java:472)
	at io.netty.channel.nio.NioEventLoop.run(NioEventLoop.java:500)
	at io.netty.util.concurrent.SingleThreadEventExecutor$4.run(SingleThreadEventExecutor.java:989)
	at io.netty.util.internal.ThreadExecutorMap$2.run(ThreadExecutorMap.java:74)
	at io.netty.util.concurrent.FastThreadLocalRunnable.run(FastThreadLocalRunnable.java:30)
	at java.base/java.lang.Thread.run(Thread.java:832)
	Suppressed: java.util.concurrent.CancellationException: NetworkHandler closed
		at kotlinx.coroutines.ExceptionsKt.CancellationException(Exceptions.kt:22)
		at kotlinx.coroutines.JobKt__JobKt.cancel(Job.kt:602)
		at kotlinx.coroutines.JobKt.cancel(Unknown Source)
		at net.mamoe.mirai.internal.network.handler.NetworkHandlerSupport.close(NetworkHandlerSupport.kt:55)
		at net.mamoe.mirai.internal.network.impl.netty.NettyNetworkHandler.close(NettyNetworkHandler.kt:191)
		at net.mamoe.mirai.internal.network.handler.selector.SelectorNetworkHandler.close(SelectorNetworkHandler.kt:79)
		... 25 more
	Caused by: [CIRCULAR REFERENCE: net.mamoe.mirai.internal.network.impl.netty.ForceOfflineException: ä½ çš„å¸å·äº19:34åœ¨å¦ä¸€å°Androidæ‰‹æœºç™»å½•äº†QQã€‚å¦‚éæœ¬äººæ“ä½œï¼Œåˆ™å¯†ç å¯èƒ½å·²æ³„éœ²ï¼Œå»ºè®®å‰å¾€http://aq.qq.com/ä¿®æ”¹å¯†ç æˆ–ç´§æ€¥å†»ç»“å¸å·ã€‚]
[0m
[91m2022-03-19 19:42:17 W/Net 1284232500: An exception was thrown during initialization process of Bot 1284232500. Trying to ignore the error and continue logging in...
StateSwitchingException(old=StateLoading, new=StateClosed, cause=net.mamoe.mirai.internal.network.impl.netty.ForceOfflineException: ä½ çš„å¸å·äº19:34åœ¨å¦ä¸€å°Androidæ‰‹æœºç™»å½•äº†QQã€‚å¦‚éæœ¬äººæ“ä½œï¼Œåˆ™å¯†ç å¯èƒ½å·²æ³„éœ²ï¼Œå»ºè®®å‰å¾€http://aq.qq.com/ä¿®æ”¹å¯†ç æˆ–ç´§æ€¥å†»ç»“å¸å·ã€‚)
	at net.mamoe.mirai.internal.network.handler.NetworkHandlerSupport.setStateImpl$mirai_core(NetworkHandlerSupport.kt:261)
	at net.mamoe.mirai.internal.network.impl.netty.NettyNetworkHandler.close(NettyNetworkHandler.kt:409)
	at net.mamoe.mirai.internal.network.handler.selector.SelectorNetworkHandler.close(SelectorNetworkHandler.kt:79)
	at net.mamoe.mirai.internal.network.protocol.packet.chat.receive.MessageSvcPushForceOffline.handle(MessageSvc.PushForceOffline.kt:35)
	at net.mamoe.mirai.internal.network.protocol.packet.chat.receive.MessageSvcPushForceOffline.handle(MessageSvc.PushForceOffline.kt:25)
	at net.mamoe.mirai.internal.network.components.CallPacketFactoryPacketHandler.handlePacket(PacketHandler.kt:110)
	at net.mamoe.mirai.internal.network.components.PacketHandlerChain.handlePacket(PacketHandler.kt:42)
	at net.mamoe.mirai.internal.network.handler.NetworkHandlerSupport$collectReceived$3.invokeSuspend(NetworkHandlerSupport.kt:84)
	at net.mamoe.mirai.internal.network.handler.NetworkHandlerSupport$collectReceived$3.invoke(NetworkHandlerSupport.kt)
	at net.mamoe.mirai.internal.network.handler.NetworkHandlerSupport$collectReceived$3.invoke(NetworkHandlerSupport.kt)
	at kotlinx.coroutines.intrinsics.UndispatchedKt.startCoroutineUndispatched(Undispatched.kt:55)
	at kotlinx.coroutines.CoroutineStart.invoke(CoroutineStart.kt:112)
	at kotlinx.coroutines.AbstractCoroutine.start(AbstractCoroutine.kt:126)
	at kotlinx.coroutines.BuildersKt__Builders_commonKt.launch(Builders.common.kt:56)
	at kotlinx.coroutines.BuildersKt.launch(Unknown Source)
	at kotlinx.coroutines.BuildersKt__Builders_commonKt.launch$default(Builders.common.kt:47)
	at kotlinx.coroutines.BuildersKt.launch$default(Unknown Source)
	at net.mamoe.mirai.internal.network.handler.NetworkHandlerSupport.collectReceived$mirai_core(NetworkHandlerSupport.kt:82)
	at net.mamoe.mirai.internal.network.impl.netty.NettyNetworkHandler$PacketDecodePipeline$send$1.invokeSuspend(NettyNetworkHandler.kt:178)
	at kotlin.coroutines.jvm.internal.BaseContinuationImpl.resumeWith(ContinuationImpl.kt:33)
	at kotlinx.coroutines.DispatchedTask.run(DispatchedTask.kt:106)
	at io.netty.util.concurrent.AbstractEventExecutor.safeExecute(AbstractEventExecutor.java:164)
	at io.netty.util.concurrent.SingleThreadEventExecutor.runAllTasks(SingleThreadEventExecutor.java:472)
	at io.netty.channel.nio.NioEventLoop.run(NioEventLoop.java:500)
	at io.netty.util.concurrent.SingleThreadEventExecutor$4.run(SingleThreadEventExecutor.java:989)
	at io.netty.util.internal.ThreadExecutorMap$2.run(ThreadExecutorMap.java:74)
	at io.netty.util.concurrent.FastThreadLocalRunnable.run(FastThreadLocalRunnable.java:30)
	at java.base/java.lang.Thread.run(Thread.java:832)
Caused by: net.mamoe.mirai.internal.network.impl.netty.ForceOfflineException: ä½ çš„å¸å·äº19:34åœ¨å¦ä¸€å°Androidæ‰‹æœºç™»å½•äº†QQã€‚å¦‚éæœ¬äººæ“ä½œï¼Œåˆ™å¯†ç å¯èƒ½å·²æ³„éœ²ï¼Œå»ºè®®å‰å¾€http://aq.qq.com/ä¿®æ”¹å¯†ç æˆ–ç´§æ€¥å†»ç»“å¸å·ã€‚
	... 25 more
	Suppressed: java.util.concurrent.CancellationException: NetworkHandler closed
		at kotlinx.coroutines.ExceptionsKt.CancellationException(Exceptions.kt:22)
		at kotlinx.coroutines.JobKt__JobKt.cancel(Job.kt:602)
		at kotlinx.coroutines.JobKt.cancel(Unknown Source)
		at net.mamoe.mirai.internal.network.handler.NetworkHandlerSupport.close(NetworkHandlerSupport.kt:55)
		at net.mamoe.mirai.internal.network.impl.netty.NettyNetworkHandler.close(NettyNetworkHandler.kt:191)
		at net.mamoe.mirai.internal.network.handler.selector.SelectorNetworkHandler.close(SelectorNetworkHandler.kt:79)
		... 25 more
	Caused by: [CIRCULAR REFERENCE: net.mamoe.mirai.internal.network.impl.netty.ForceOfflineException: ä½ çš„å¸å·äº19:34åœ¨å¦ä¸€å°Androidæ‰‹æœºç™»å½•äº†QQã€‚å¦‚éæœ¬äººæ“ä½œï¼Œåˆ™å¯†ç å¯èƒ½å·²æ³„éœ²ï¼Œå»ºè®®å‰å¾€http://aq.qq.com/ä¿®æ”¹å¯†ç æˆ–ç´§æ€¥å†»ç»“å¸å·ã€‚]
[0m
[31m2022-03-19 19:42:17 E/Net 1284232500: Exception in coroutine 'BotInitProcessor.init'
java.lang.IllegalStateException: Exception in attached Job 'BotInitProcessor.init'
	at net.mamoe.mirai.internal.network.handler.state.JobAttachStateObserver$stateChanged0$1.invokeSuspend(JobAttachStateObserver.kt:40)
	at kotlin.coroutines.jvm.internal.BaseContinuationImpl.resumeWith(ContinuationImpl.kt:33)
	at kotlinx.coroutines.DispatchedTask.run(DispatchedTask.kt:104)
	at kotlinx.coroutines.scheduling.CoroutineScheduler.runSafely(CoroutineScheduler.kt:571)
	at kotlinx.coroutines.scheduling.CoroutineScheduler$Worker.executeTask(CoroutineScheduler.kt:750)
	at kotlinx.coroutines.scheduling.CoroutineScheduler$Worker.runWorker(CoroutineScheduler.kt:678)
	at kotlinx.coroutines.scheduling.CoroutineScheduler$Worker.run(CoroutineScheduler.kt:665)
Caused by: net.mamoe.mirai.internal.network.impl.netty.ForceOfflineException: ä½ çš„å¸å·äº19:34åœ¨å¦ä¸€å°Androidæ‰‹æœºç™»å½•äº†QQã€‚å¦‚éæœ¬äººæ“ä½œï¼Œåˆ™å¯†ç å¯èƒ½å·²æ³„éœ²ï¼Œå»ºè®®å‰å¾€http://aq.qq.com/ä¿®æ”¹å¯†ç æˆ–ç´§æ€¥å†»ç»“å¸å·ã€‚
	at net.mamoe.mirai.internal.network.protocol.packet.chat.receive.MessageSvcPushForceOffline.handle(MessageSvc.PushForceOffline.kt:35)
	at net.mamoe.mirai.internal.network.protocol.packet.chat.receive.MessageSvcPushForceOffline.handle(MessageSvc.PushForceOffline.kt:25)
	at net.mamoe.mirai.internal.network.components.CallPacketFactoryPacketHandler.handlePacket(PacketHandler.kt:110)
	at net.mamoe.mirai.internal.network.components.PacketHandlerChain.handlePacket(PacketHandler.kt:42)
	at net.mamoe.mirai.internal.network.handler.NetworkHandlerSupport$collectReceived$3.invokeSuspend(NetworkHandlerSupport.kt:84)
	at net.mamoe.mirai.internal.network.handler.NetworkHandlerSupport$collectReceived$3.invoke(NetworkHandlerSupport.kt)
	at net.mamoe.mirai.internal.network.handler.NetworkHandlerSupport$collectReceived$3.invoke(NetworkHandlerSupport.kt)
	at kotlinx.coroutines.intrinsics.UndispatchedKt.startCoroutineUndispatched(Undispatched.kt:55)
	at kotlinx.coroutines.CoroutineStart.invoke(CoroutineStart.kt:112)
	at kotlinx.coroutines.AbstractCoroutine.start(AbstractCoroutine.kt:126)
	at kotlinx.coroutines.BuildersKt__Builders_commonKt.launch(Builders.common.kt:56)
	at kotlinx.coroutines.BuildersKt.launch(Unknown Source)
	at kotlinx.coroutines.BuildersKt__Builders_commonKt.launch$default(Builders.common.kt:47)
	at kotlinx.coroutines.BuildersKt.launch$default(Unknown Source)
	at net.mamoe.mirai.internal.network.handler.NetworkHandlerSupport.collectReceived$mirai_core(NetworkHandlerSupport.kt:82)
	at net.mamoe.mirai.internal.network.impl.netty.NettyNetworkHandler$PacketDecodePipeline$send$1.invokeSuspend(NettyNetworkHandler.kt:178)
	at kotlin.coroutines.jvm.internal.BaseContinuationImpl.resumeWith(ContinuationImpl.kt:33)
	at kotlinx.coroutines.DispatchedTask.run(DispatchedTask.kt:106)
	at io.netty.util.concurrent.AbstractEventExecutor.safeExecute(AbstractEventExecutor.java:164)
	at io.netty.util.concurrent.SingleThreadEventExecutor.runAllTasks(SingleThreadEventExecutor.java:472)
	at io.netty.channel.nio.NioEventLoop.run(NioEventLoop.java:500)
	at io.netty.util.concurrent.SingleThreadEventExecutor$4.run(SingleThreadEventExecutor.java:989)
	at io.netty.util.internal.ThreadExecutorMap$2.run(ThreadExecutorMap.java:74)
	at io.netty.util.concurrent.FastThreadLocalRunnable.run(FastThreadLocalRunnable.java:30)
	at java.base/java.lang.Thread.run(Thread.java:832)
	Suppressed: java.util.concurrent.CancellationException: NetworkHandler closed
		at kotlinx.coroutines.ExceptionsKt.CancellationException(Exceptions.kt:22)
		at kotlinx.coroutines.JobKt__JobKt.cancel(Job.kt:602)
		at kotlinx.coroutines.JobKt.cancel(Unknown Source)
		at net.mamoe.mirai.internal.network.handler.NetworkHandlerSupport.close(NetworkHandlerSupport.kt:55)
		at net.mamoe.mirai.internal.network.impl.netty.NettyNetworkHandler.close(NettyNetworkHandler.kt:191)
		at net.mamoe.mirai.internal.network.handler.selector.SelectorNetworkHandler.close(SelectorNetworkHandler.kt:79)
		... 25 more
	Caused by: [CIRCULAR REFERENCE: net.mamoe.mirai.internal.network.impl.netty.ForceOfflineException: ä½ çš„å¸å·äº19:34åœ¨å¦ä¸€å°Androidæ‰‹æœºç™»å½•äº†QQã€‚å¦‚éæœ¬äººæ“ä½œï¼Œåˆ™å¯†ç å¯èƒ½å·²æ³„éœ²ï¼Œå»ºè®®å‰å¾€http://aq.qq.com/ä¿®æ”¹å¯†ç æˆ–ç´§æ€¥å†»ç»“å¸å·ã€‚]
	Suppressed: StateSwitchingException(old=StateLoading, new=StateClosed, cause=net.mamoe.mirai.internal.network.impl.netty.ForceOfflineException: ä½ çš„å¸å·äº19:34åœ¨å¦ä¸€å°Androidæ‰‹æœºç™»å½•äº†QQã€‚å¦‚éæœ¬äººæ“ä½œï¼Œåˆ™å¯†ç å¯èƒ½å·²æ³„éœ²ï¼Œå»ºè®®å‰å¾€http://aq.qq.com/ä¿®æ”¹å¯†ç æˆ–ç´§æ€¥å†»ç»“å¸å·ã€‚)
		at net.mamoe.mirai.internal.network.handler.NetworkHandlerSupport.setStateImpl$mirai_core(NetworkHandlerSupport.kt:261)
		at net.mamoe.mirai.internal.network.impl.netty.NettyNetworkHandler.close(NettyNetworkHandler.kt:409)
		at net.mamoe.mirai.internal.network.handler.selector.SelectorNetworkHandler.close(SelectorNetworkHandler.kt:79)
		... 25 more
	Caused by: [CIRCULAR REFERENCE: net.mamoe.mirai.internal.network.impl.netty.ForceOfflineException: ä½ çš„å¸å·äº19:34åœ¨å¦ä¸€å°Androidæ‰‹æœºç™»å½•äº†QQã€‚å¦‚éæœ¬äººæ“ä½œï¼Œåˆ™å¯†ç å¯èƒ½å·²æ³„éœ²ï¼Œå»ºè®®å‰å¾€http://aq.qq.com/ä¿®æ”¹å¯†ç æˆ–ç´§æ€¥å†»ç»“å¸å·ã€‚]
[0m
[91m2022-03-19 19:42:17 W/Net 1284232500: net.mamoe.mirai.internal.network.impl.netty.ForceOfflineException: ä½ çš„å¸å·äº19:34åœ¨å¦ä¸€å°Androidæ‰‹æœºç™»å½•äº†QQã€‚å¦‚éæœ¬äººæ“ä½œï¼Œåˆ™å¯†ç å¯èƒ½å·²æ³„éœ²ï¼Œå»ºè®®å‰å¾€http://aq.qq.com/ä¿®æ”¹å¯†ç æˆ–ç´§æ€¥å†»ç»“å¸å·ã€‚
net.mamoe.mirai.internal.network.impl.netty.ForceOfflineException: ä½ çš„å¸å·äº19:34åœ¨å¦ä¸€å°Androidæ‰‹æœºç™»å½•äº†QQã€‚å¦‚éæœ¬äººæ“ä½œï¼Œåˆ™å¯†ç å¯èƒ½å·²æ³„éœ²ï¼Œå»ºè®®å‰å¾€http://aq.qq.com/ä¿®æ”¹å¯†ç æˆ–ç´§æ€¥å†»ç»“å¸å·ã€‚
	at net.mamoe.mirai.internal.network.protocol.packet.chat.receive.MessageSvcPushForceOffline.handle(MessageSvc.PushForceOffline.kt:35)
	at net.mamoe.mirai.internal.network.protocol.packet.chat.receive.MessageSvcPushForceOffline.handle(MessageSvc.PushForceOffline.kt:25)
	at net.mamoe.mirai.internal.network.components.CallPacketFactoryPacketHandler.handlePacket(PacketHandler.kt:110)
	at net.mamoe.mirai.internal.network.components.PacketHandlerChain.handlePacket(PacketHandler.kt:42)
	at net.mamoe.mirai.internal.network.handler.NetworkHandlerSupport$collectReceived$3.invokeSuspend(NetworkHandlerSupport.kt:84)
	at net.mamoe.mirai.internal.network.handler.NetworkHandlerSupport$collectReceived$3.invoke(NetworkHandlerSupport.kt)
	at net.mamoe.mirai.internal.network.handler.NetworkHandlerSupport$collectReceived$3.invoke(NetworkHandlerSupport.kt)
	at kotlinx.coroutines.intrinsics.UndispatchedKt.startCoroutineUndispatched(Undispatched.kt:55)
	at kotlinx.coroutines.CoroutineStart.invoke(CoroutineStart.kt:112)
	at kotlinx.coroutines.AbstractCoroutine.start(AbstractCoroutine.kt:126)
	at kotlinx.coroutines.BuildersKt__Builders_commonKt.launch(Builders.common.kt:56)
	at kotlinx.coroutines.BuildersKt.launch(Unknown Source)
	at kotlinx.coroutines.BuildersKt__Builders_commonKt.launch$default(Builders.common.kt:47)
	at kotlinx.coroutines.BuildersKt.launch$default(Unknown Source)
	at net.mamoe.mirai.internal.network.handler.NetworkHandlerSupport.collectReceived$mirai_core(NetworkHandlerSupport.kt:82)
	at net.mamoe.mirai.internal.network.impl.netty.NettyNetworkHandler$PacketDecodePipeline$send$1.invokeSuspend(NettyNetworkHandler.kt:178)
	at kotlin.coroutines.jvm.internal.BaseContinuationImpl.resumeWith(ContinuationImpl.kt:33)
	at kotlinx.coroutines.DispatchedTask.run(DispatchedTask.kt:106)
	at io.netty.util.concurrent.AbstractEventExecutor.safeExecute(AbstractEventExecutor.java:164)
	at io.netty.util.concurrent.SingleThreadEventExecutor.runAllTasks(SingleThreadEventExecutor.java:472)
	at io.netty.channel.nio.NioEventLoop.run(NioEventLoop.java:500)
	at io.netty.util.concurrent.SingleThreadEventExecutor$4.run(SingleThreadEventExecutor.java:989)
	at io.netty.util.internal.ThreadExecutorMap$2.run(ThreadExecutorMap.java:74)
	at io.netty.util.concurrent.FastThreadLocalRunnable.run(FastThreadLocalRunnable.java:30)
	at java.base/java.lang.Thread.run(Thread.java:832)
	Suppressed: java.util.concurrent.CancellationException: NetworkHandler closed
		at kotlinx.coroutines.ExceptionsKt.CancellationException(Exceptions.kt:22)
		at kotlinx.coroutines.JobKt__JobKt.cancel(Job.kt:602)
		at kotlinx.coroutines.JobKt.cancel(Unknown Source)
		at net.mamoe.mirai.internal.network.handler.NetworkHandlerSupport.close(NetworkHandlerSupport.kt:55)
		at net.mamoe.mirai.internal.network.impl.netty.NettyNetworkHandler.close(NettyNetworkHandler.kt:191)
		at net.mamoe.mirai.internal.network.handler.selector.SelectorNetworkHandler.close(SelectorNetworkHandler.kt:79)
		... 25 more
	Caused by: [CIRCULAR REFERENCE: net.mamoe.mirai.internal.network.impl.netty.ForceOfflineException: ä½ çš„å¸å·äº19:34åœ¨å¦ä¸€å°Androidæ‰‹æœºç™»å½•äº†QQã€‚å¦‚éæœ¬äººæ“ä½œï¼Œåˆ™å¯†ç å¯èƒ½å·²æ³„éœ²ï¼Œå»ºè®®å‰å¾€http://aq.qq.com/ä¿®æ”¹å¯†ç æˆ–ç´§æ€¥å†»ç»“å¸å·ã€‚]
	Suppressed: StateSwitchingException(old=StateLoading, new=StateClosed, cause=net.mamoe.mirai.internal.network.impl.netty.ForceOfflineException: ä½ çš„å¸å·äº19:34åœ¨å¦ä¸€å°Androidæ‰‹æœºç™»å½•äº†QQã€‚å¦‚éæœ¬äººæ“ä½œï¼Œåˆ™å¯†ç å¯èƒ½å·²æ³„éœ²ï¼Œå»ºè®®å‰å¾€http://aq.qq.com/ä¿®æ”¹å¯†ç æˆ–ç´§æ€¥å†»ç»“å¸å·ã€‚)
		at net.mamoe.mirai.internal.network.handler.NetworkHandlerSupport.setStateImpl$mirai_core(NetworkHandlerSupport.kt:261)
		at net.mamoe.mirai.internal.network.impl.netty.NettyNetworkHandler.close(NettyNetworkHandler.kt:409)
		at net.mamoe.mirai.internal.network.handler.selector.SelectorNetworkHandler.close(SelectorNetworkHandler.kt:79)
		... 25 more
	Caused by: [CIRCULAR REFERENCE: net.mamoe.mirai.internal.network.impl.netty.ForceOfflineException: ä½ çš„å¸å·äº19:34åœ¨å¦ä¸€å°Androidæ‰‹æœºç™»å½•äº†QQã€‚å¦‚éæœ¬äººæ“ä½œï¼Œåˆ™å¯†ç å¯èƒ½å·²æ³„éœ²ï¼Œå»ºè®®å‰å¾€http://aq.qq.com/ä¿®æ”¹å¯†ç æˆ–ç´§æ€¥å†»ç»“å¸å·ã€‚]
[0m
[0m2022-03-19 19:42:17 V/Net 1284232500: Loading server list from cache.[0m
[92m2022-03-19 19:42:17 I/Net 1284232500: Server list: 39.156.126.162:80, 36.155.209.114:8080, 120.232.69.203:8080, 36.155.201.156:80, 120.232.130.74:8080, msfwifi.3g.qq.com:8080, 120.232.67.211:443, 39.156.125.70:80, 211.136.109.25:14000, 39.156.125.20:80.[0m
[92m2022-03-19 19:42:17 I/Net 1284232500: ECDH key is invalid, start to fetch ecdh public key from server.[0m
[92m2022-03-19 19:42:17 I/Net 1284232500: Successfully fetched ecdh public key from server.[0m
[0m2022-03-19 19:42:17 V/Net 1284232500: Send: wtlogin.login[0m
[0m2022-03-19 19:42:18 V/Net 1284232500: Recv: wtlogin.login[0m
[0m2022-03-19 19:42:18 V/Net 1284232500: Send: wtlogin.login[0m
[0m2022-03-19 19:42:18 V/Net 1284232500: Recv: wtlogin.login[0m
[0m2022-03-19 19:42:18 V/Net 1284232500: Send: StatSvc.register(online)[0m
[92m2022-03-19 19:42:18 I/Net 1284232500: Server time updated, serverTime: 1647690151, diff: 13ms=0.013s[0m
[0m2022-03-19 19:42:18 V/Net 1284232500: Loading BdhSession from cache file[0m
[0m2022-03-19 19:42:18 V/Net 1284232500: Recv: StatSvc.register[0m
[92m2022-03-19 19:42:18 I/Net 1284232500: Syncing friend message history...[0m
[92m2022-03-19 19:42:18 I/Net 1284232500: Start loading friend list...[0m
[92m2022-03-19 19:42:18 I/Net 1284232500: Start loading stranger list...[0m
[0m2022-03-19 19:42:18 V/Net 1284232500: Send: StatSvc.GetDevLoginInfo(StatSvc.GetDevLoginInfo)[0m
[0m2022-03-19 19:42:18 V/Net 1284232500: Send: OidbSvc.0x496(OidbSvc.0x496)[0m
[0m2022-03-19 19:42:18 V/Net 1284232500: Send: OidbSvc.0x5d2_0(OidbSvc.0x5d2_0)[0m
[0m2022-03-19 19:42:18 V/Net 1284232500: Send: friendlist.getFriendGroupList(friendlist.getFriendGroupList)[0m
[0m2022-03-19 19:42:18 V/Net 1284232500: Recv: MessageSvc.PushForceOffline[0m
[31m2022-03-19 19:42:18 E/Net 1284232500: Exception in coroutine 'unnamed'
net.mamoe.mirai.internal.network.impl.netty.ForceOfflineException: ä½ çš„å¸å·äº19:34åœ¨å¦ä¸€å°Androidæ‰‹æœºç™»å½•äº†QQã€‚å¦‚éæœ¬äººæ“ä½œï¼Œåˆ™å¯†ç å¯èƒ½å·²æ³„éœ²ï¼Œå»ºè®®å‰å¾€http://aq.qq.com/ä¿®æ”¹å¯†ç æˆ–ç´§æ€¥å†»ç»“å¸å·ã€‚
	at net.mamoe.mirai.internal.network.protocol.packet.chat.receive.MessageSvcPushForceOffline.handle(MessageSvc.PushForceOffline.kt:35)
	at net.mamoe.mirai.internal.network.protocol.packet.chat.receive.MessageSvcPushForceOffline.handle(MessageSvc.PushForceOffline.kt:25)
	at net.mamoe.mirai.internal.network.components.CallPacketFactoryPacketHandler.handlePacket(PacketHandler.kt:110)
	at net.mamoe.mirai.internal.network.components.PacketHandlerChain.handlePacket(PacketHandler.kt:42)
	at net.mamoe.mirai.internal.network.handler.NetworkHandlerSupport$collectReceived$3.invokeSuspend(NetworkHandlerSupport.kt:84)
	at net.mamoe.mirai.internal.network.handler.NetworkHandlerSupport$collectReceived$3.invoke(NetworkHandlerSupport.kt)
	at net.mamoe.mirai.internal.network.handler.NetworkHandlerSupport$collectReceived$3.invoke(NetworkHandlerSupport.kt)
	at kotlinx.coroutines.intrinsics.UndispatchedKt.startCoroutineUndispatched(Undispatched.kt:55)
	at kotlinx.coroutines.CoroutineStart.invoke(CoroutineStart.kt:112)
	at kotlinx.coroutines.AbstractCoroutine.start(AbstractCoroutine.kt:126)
	at kotlinx.coroutines.BuildersKt__Builders_commonKt.launch(Builders.common.kt:56)
	at kotlinx.coroutines.BuildersKt.launch(Unknown Source)
	at kotlinx.coroutines.BuildersKt__Builders_commonKt.launch$default(Builders.common.kt:47)
	at kotlinx.coroutines.BuildersKt.launch$default(Unknown Source)
	at net.mamoe.mirai.internal.network.handler.NetworkHandlerSupport.collectReceived$mirai_core(NetworkHandlerSupport.kt:82)
	at net.mamoe.mirai.internal.network.impl.netty.NettyNetworkHandler$PacketDecodePipeline$send$1.invokeSuspend(NettyNetworkHandler.kt:178)
	at kotlin.coroutines.jvm.internal.BaseContinuationImpl.resumeWith(ContinuationImpl.kt:33)
	at kotlinx.coroutines.DispatchedTask.run(DispatchedTask.kt:106)
	at io.netty.util.concurrent.AbstractEventExecutor.safeExecute(AbstractEventExecutor.java:164)
	at io.netty.util.concurrent.SingleThreadEventExecutor.runAllTasks(SingleThreadEventExecutor.java:472)
	at io.netty.channel.nio.NioEventLoop.run(NioEventLoop.java:500)
	at io.netty.util.concurrent.SingleThreadEventExecutor$4.run(SingleThreadEventExecutor.java:989)
	at io.netty.util.internal.ThreadExecutorMap$2.run(ThreadExecutorMap.java:74)
	at io.netty.util.concurrent.FastThreadLocalRunnable.run(FastThreadLocalRunnable.java:30)
	at java.base/java.lang.Thread.run(Thread.java:832)
	Suppressed: java.util.concurrent.CancellationException: NetworkHandler closed
		at kotlinx.coroutines.ExceptionsKt.CancellationException(Exceptions.kt:22)
		at kotlinx.coroutines.JobKt__JobKt.cancel(Job.kt:602)
		at kotlinx.coroutines.JobKt.cancel(Unknown Source)
		at net.mamoe.mirai.internal.network.handler.NetworkHandlerSupport.close(NetworkHandlerSupport.kt:55)
		at net.mamoe.mirai.internal.network.impl.netty.NettyNetworkHandler.close(NettyNetworkHandler.kt:191)
		at net.mamoe.mirai.internal.network.handler.selector.SelectorNetworkHandler.close(SelectorNetworkHandler.kt:79)
		... 25 more
	Caused by: [CIRCULAR REFERENCE: net.mamoe.mirai.internal.network.impl.netty.ForceOfflineException: ä½ çš„å¸å·äº19:34åœ¨å¦ä¸€å°Androidæ‰‹æœºç™»å½•äº†QQã€‚å¦‚éæœ¬äººæ“ä½œï¼Œåˆ™å¯†ç å¯èƒ½å·²æ³„éœ²ï¼Œå»ºè®®å‰å¾€http://aq.qq.com/ä¿®æ”¹å¯†ç æˆ–ç´§æ€¥å†»ç»“å¸å·ã€‚]
[0m
[91m2022-03-19 19:42:18 W/Net 1284232500: An exception was thrown during initialization process of Bot 1284232500. Trying to ignore the error and continue logging in...
StateSwitchingException(old=StateLoading, new=StateClosed, cause=net.mamoe.mirai.internal.network.impl.netty.ForceOfflineException: ä½ çš„å¸å·äº19:34åœ¨å¦ä¸€å°Androidæ‰‹æœºç™»å½•äº†QQã€‚å¦‚éæœ¬äººæ“ä½œï¼Œåˆ™å¯†ç å¯èƒ½å·²æ³„éœ²ï¼Œå»ºè®®å‰å¾€http://aq.qq.com/ä¿®æ”¹å¯†ç æˆ–ç´§æ€¥å†»ç»“å¸å·ã€‚)
	at net.mamoe.mirai.internal.network.handler.NetworkHandlerSupport.setStateImpl$mirai_core(NetworkHandlerSupport.kt:261)
	at net.mamoe.mirai.internal.network.impl.netty.NettyNetworkHandler.close(NettyNetworkHandler.kt:409)
	at net.mamoe.mirai.internal.network.handler.selector.SelectorNetworkHandler.close(SelectorNetworkHandler.kt:79)
	at net.mamoe.mirai.internal.network.protocol.packet.chat.receive.MessageSvcPushForceOffline.handle(MessageSvc.PushForceOffline.kt:35)
	at net.mamoe.mirai.internal.network.protocol.packet.chat.receive.MessageSvcPushForceOffline.handle(MessageSvc.PushForceOffline.kt:25)
	at net.mamoe.mirai.internal.network.components.CallPacketFactoryPacketHandler.handlePacket(PacketHandler.kt:110)
	at net.mamoe.mirai.internal.network.components.PacketHandlerChain.handlePacket(PacketHandler.kt:42)
	at net.mamoe.mirai.internal.network.handler.NetworkHandlerSupport$collectReceived$3.invokeSuspend(NetworkHandlerSupport.kt:84)
	at net.mamoe.mirai.internal.network.handler.NetworkHandlerSupport$collectReceived$3.invoke(NetworkHandlerSupport.kt)
	at net.mamoe.mirai.internal.network.handler.NetworkHandlerSupport$collectReceived$3.invoke(NetworkHandlerSupport.kt)
	at kotlinx.coroutines.intrinsics.UndispatchedKt.startCoroutineUndispatched(Undispatched.kt:55)
	at kotlinx.coroutines.CoroutineStart.invoke(CoroutineStart.kt:112)
	at kotlinx.coroutines.AbstractCoroutine.start(AbstractCoroutine.kt:126)
	at kotlinx.coroutines.BuildersKt__Builders_commonKt.launch(Builders.common.kt:56)
	at kotlinx.coroutines.BuildersKt.launch(Unknown Source)
	at kotlinx.coroutines.BuildersKt__Builders_commonKt.launch$default(Builders.common.kt:47)
	at kotlinx.coroutines.BuildersKt.launch$default(Unknown Source)
	at net.mamoe.mirai.internal.network.handler.NetworkHandlerSupport.collectReceived$mirai_core(NetworkHandlerSupport.kt:82)
	at net.mamoe.mirai.internal.network.impl.netty.NettyNetworkHandler$PacketDecodePipeline$send$1.invokeSuspend(NettyNetworkHandler.kt:178)
	at kotlin.coroutines.jvm.internal.BaseContinuationImpl.resumeWith(ContinuationImpl.kt:33)
	at kotlinx.coroutines.DispatchedTask.run(DispatchedTask.kt:106)
	at io.netty.util.concurrent.AbstractEventExecutor.safeExecute(AbstractEventExecutor.java:164)
	at io.netty.util.concurrent.SingleThreadEventExecutor.runAllTasks(SingleThreadEventExecutor.java:472)
	at io.netty.channel.nio.NioEventLoop.run(NioEventLoop.java:500)
	at io.netty.util.concurrent.SingleThreadEventExecutor$4.run(SingleThreadEventExecutor.java:989)
	at io.netty.util.internal.ThreadExecutorMap$2.run(ThreadExecutorMap.java:74)
	at io.netty.util.concurrent.FastThreadLocalRunnable.run(FastThreadLocalRunnable.java:30)
	at java.base/java.lang.Thread.run(Thread.java:832)
Caused by: net.mamoe.mirai.internal.network.impl.netty.ForceOfflineException: ä½ çš„å¸å·äº19:34åœ¨å¦ä¸€å°Androidæ‰‹æœºç™»å½•äº†QQã€‚å¦‚éæœ¬äººæ“ä½œï¼Œåˆ™å¯†ç å¯èƒ½å·²æ³„éœ²ï¼Œå»ºè®®å‰å¾€http://aq.qq.com/ä¿®æ”¹å¯†ç æˆ–ç´§æ€¥å†»ç»“å¸å·ã€‚
	... 25 more
	Suppressed: java.util.concurrent.CancellationException: NetworkHandler closed
		at kotlinx.coroutines.ExceptionsKt.CancellationException(Exceptions.kt:22)
		at kotlinx.coroutines.JobKt__JobKt.cancel(Job.kt:602)
		at kotlinx.coroutines.JobKt.cancel(Unknown Source)
		at net.mamoe.mirai.internal.network.handler.NetworkHandlerSupport.close(NetworkHandlerSupport.kt:55)
		at net.mamoe.mirai.internal.network.impl.netty.NettyNetworkHandler.close(NettyNetworkHandler.kt:191)
		at net.mamoe.mirai.internal.network.handler.selector.SelectorNetworkHandler.close(SelectorNetworkHandler.kt:79)
		... 25 more
	Caused by: [CIRCULAR REFERENCE: net.mamoe.mirai.internal.network.impl.netty.ForceOfflineException: ä½ çš„å¸å·äº19:34åœ¨å¦ä¸€å°Androidæ‰‹æœºç™»å½•äº†QQã€‚å¦‚éæœ¬äººæ“ä½œï¼Œåˆ™å¯†ç å¯èƒ½å·²æ³„éœ²ï¼Œå»ºè®®å‰å¾€http://aq.qq.com/ä¿®æ”¹å¯†ç æˆ–ç´§æ€¥å†»ç»“å¸å·ã€‚]
[0m
[91m2022-03-19 19:42:18 W/Net 1284232500: An exception was thrown during initialization process of Bot 1284232500. Trying to ignore the error and continue logging in...
StateSwitchingException(old=StateLoading, new=StateClosed, cause=net.mamoe.mirai.internal.network.impl.netty.ForceOfflineException: ä½ çš„å¸å·äº19:34åœ¨å¦ä¸€å°Androidæ‰‹æœºç™»å½•äº†QQã€‚å¦‚éæœ¬äººæ“ä½œï¼Œåˆ™å¯†ç å¯èƒ½å·²æ³„éœ²ï¼Œå»ºè®®å‰å¾€http://aq.qq.com/ä¿®æ”¹å¯†ç æˆ–ç´§æ€¥å†»ç»“å¸å·ã€‚)
	at net.mamoe.mirai.internal.network.handler.NetworkHandlerSupport.setStateImpl$mirai_core(NetworkHandlerSupport.kt:261)
	at net.mamoe.mirai.internal.network.impl.netty.NettyNetworkHandler.close(NettyNetworkHandler.kt:409)
	at net.mamoe.mirai.internal.network.handler.selector.SelectorNetworkHandler.close(SelectorNetworkHandler.kt:79)
	at net.mamoe.mirai.internal.network.protocol.packet.chat.receive.MessageSvcPushForceOffline.handle(MessageSvc.PushForceOffline.kt:35)
	at net.mamoe.mirai.internal.network.protocol.packet.chat.receive.MessageSvcPushForceOffline.handle(MessageSvc.PushForceOffline.kt:25)
	at net.mamoe.mirai.internal.network.components.CallPacketFactoryPacketHandler.handlePacket(PacketHandler.kt:110)
	at net.mamoe.mirai.internal.network.components.PacketHandlerChain.handlePacket(PacketHandler.kt:42)
	at net.mamoe.mirai.internal.network.handler.NetworkHandlerSupport$collectReceived$3.invokeSuspend(NetworkHandlerSupport.kt:84)
	at net.mamoe.mirai.internal.network.handler.NetworkHandlerSupport$collectReceived$3.invoke(NetworkHandlerSupport.kt)
	at net.mamoe.mirai.internal.network.handler.NetworkHandlerSupport$collectReceived$3.invoke(NetworkHandlerSupport.kt)
	at kotlinx.coroutines.intrinsics.UndispatchedKt.startCoroutineUndispatched(Undispatched.kt:55)
	at kotlinx.coroutines.CoroutineStart.invoke(CoroutineStart.kt:112)
	at kotlinx.coroutines.AbstractCoroutine.start(AbstractCoroutine.kt:126)
	at kotlinx.coroutines.BuildersKt__Builders_commonKt.launch(Builders.common.kt:56)
	at kotlinx.coroutines.BuildersKt.launch(Unknown Source)
	at kotlinx.coroutines.BuildersKt__Builders_commonKt.launch$default(Builders.common.kt:47)
	at kotlinx.coroutines.BuildersKt.launch$default(Unknown Source)
	at net.mamoe.mirai.internal.network.handler.NetworkHandlerSupport.collectReceived$mirai_core(NetworkHandlerSupport.kt:82)
	at net.mamoe.mirai.internal.network.impl.netty.NettyNetworkHandler$PacketDecodePipeline$send$1.invokeSuspend(NettyNetworkHandler.kt:178)
	at kotlin.coroutines.jvm.internal.BaseContinuationImpl.resumeWith(ContinuationImpl.kt:33)
	at kotlinx.coroutines.DispatchedTask.run(DispatchedTask.kt:106)
	at io.netty.util.concurrent.AbstractEventExecutor.safeExecute(AbstractEventExecutor.java:164)
	at io.netty.util.concurrent.SingleThreadEventExecutor.runAllTasks(SingleThreadEventExecutor.java:472)
	at io.netty.channel.nio.NioEventLoop.run(NioEventLoop.java:500)
	at io.netty.util.concurrent.SingleThreadEventExecutor$4.run(SingleThreadEventExecutor.java:989)
	at io.netty.util.internal.ThreadExecutorMap$2.run(ThreadExecutorMap.java:74)
	at io.netty.util.concurrent.FastThreadLocalRunnable.run(FastThreadLocalRunnable.java:30)
	at java.base/java.lang.Thread.run(Thread.java:832)
Caused by: net.mamoe.mirai.internal.network.impl.netty.ForceOfflineException: ä½ çš„å¸å·äº19:34åœ¨å¦ä¸€å°Androidæ‰‹æœºç™»å½•äº†QQã€‚å¦‚éæœ¬äººæ“ä½œï¼Œåˆ™å¯†ç å¯èƒ½å·²æ³„éœ²ï¼Œå»ºè®®å‰å¾€http://aq.qq.com/ä¿®æ”¹å¯†ç æˆ–ç´§æ€¥å†»ç»“å¸å·ã€‚
	... 25 more
	Suppressed: java.util.concurrent.CancellationException: NetworkHandler closed
		at kotlinx.coroutines.ExceptionsKt.CancellationException(Exceptions.kt:22)
		at kotlinx.coroutines.JobKt__JobKt.cancel(Job.kt:602)
		at kotlinx.coroutines.JobKt.cancel(Unknown Source)
		at net.mamoe.mirai.internal.network.handler.NetworkHandlerSupport.close(NetworkHandlerSupport.kt:55)
		at net.mamoe.mirai.internal.network.impl.netty.NettyNetworkHandler.close(NettyNetworkHandler.kt:191)
		at net.mamoe.mirai.internal.network.handler.selector.SelectorNetworkHandler.close(SelectorNetworkHandler.kt:79)
		... 25 more
	Caused by: [CIRCULAR REFERENCE: net.mamoe.mirai.internal.network.impl.netty.ForceOfflineException: ä½ çš„å¸å·äº19:34åœ¨å¦ä¸€å°Androidæ‰‹æœºç™»å½•äº†QQã€‚å¦‚éæœ¬äººæ“ä½œï¼Œåˆ™å¯†ç å¯èƒ½å·²æ³„éœ²ï¼Œå»ºè®®å‰å¾€http://aq.qq.com/ä¿®æ”¹å¯†ç æˆ–ç´§æ€¥å†»ç»“å¸å·ã€‚]
[0m
[31m2022-03-19 19:42:18 E/Net 1284232500: Exception in coroutine 'BotInitProcessor.init'
java.lang.IllegalStateException: Exception in attached Job 'BotInitProcessor.init'
	at net.mamoe.mirai.internal.network.handler.state.JobAttachStateObserver$stateChanged0$1.invokeSuspend(JobAttachStateObserver.kt:40)
	at kotlin.coroutines.jvm.internal.BaseContinuationImpl.resumeWith(ContinuationImpl.kt:33)
	at kotlinx.coroutines.DispatchedTask.run(DispatchedTask.kt:104)
	at kotlinx.coroutines.scheduling.CoroutineScheduler.runSafely(CoroutineScheduler.kt:571)
	at kotlinx.coroutines.scheduling.CoroutineScheduler$Worker.executeTask(CoroutineScheduler.kt:750)
	at kotlinx.coroutines.scheduling.CoroutineScheduler$Worker.runWorker(CoroutineScheduler.kt:678)
	at kotlinx.coroutines.scheduling.CoroutineScheduler$Worker.run(CoroutineScheduler.kt:665)
Caused by: net.mamoe.mirai.internal.network.impl.netty.ForceOfflineException: ä½ çš„å¸å·äº19:34åœ¨å¦ä¸€å°Androidæ‰‹æœºç™»å½•äº†QQã€‚å¦‚éæœ¬äººæ“ä½œï¼Œåˆ™å¯†ç å¯èƒ½å·²æ³„éœ²ï¼Œå»ºè®®å‰å¾€http://aq.qq.com/ä¿®æ”¹å¯†ç æˆ–ç´§æ€¥å†»ç»“å¸å·ã€‚
	at net.mamoe.mirai.internal.network.protocol.packet.chat.receive.MessageSvcPushForceOffline.handle(MessageSvc.PushForceOffline.kt:35)
	at net.mamoe.mirai.internal.network.protocol.packet.chat.receive.MessageSvcPushForceOffline.handle(MessageSvc.PushForceOffline.kt:25)
	at net.mamoe.mirai.internal.network.components.CallPacketFactoryPacketHandler.handlePacket(PacketHandler.kt:110)
	at net.mamoe.mirai.internal.network.components.PacketHandlerChain.handlePacket(PacketHandler.kt:42)
	at net.mamoe.mirai.internal.network.handler.NetworkHandlerSupport$collectReceived$3.invokeSuspend(NetworkHandlerSupport.kt:84)
	at net.mamoe.mirai.internal.network.handler.NetworkHandlerSupport$collectReceived$3.invoke(NetworkHandlerSupport.kt)
	at net.mamoe.mirai.internal.network.handler.NetworkHandlerSupport$collectReceived$3.invoke(NetworkHandlerSupport.kt)
	at kotlinx.coroutines.intrinsics.UndispatchedKt.startCoroutineUndispatched(Undispatched.kt:55)
	at kotlinx.coroutines.CoroutineStart.invoke(CoroutineStart.kt:112)
	at kotlinx.coroutines.AbstractCoroutine.start(AbstractCoroutine.kt:126)
	at kotlinx.coroutines.BuildersKt__Builders_commonKt.launch(Builders.common.kt:56)
	at kotlinx.coroutines.BuildersKt.launch(Unknown Source)
	at kotlinx.coroutines.BuildersKt__Builders_commonKt.launch$default(Builders.common.kt:47)
	at kotlinx.coroutines.BuildersKt.launch$default(Unknown Source)
	at net.mamoe.mirai.internal.network.handler.NetworkHandlerSupport.collectReceived$mirai_core(NetworkHandlerSupport.kt:82)
	at net.mamoe.mirai.internal.network.impl.netty.NettyNetworkHandler$PacketDecodePipeline$send$1.invokeSuspend(NettyNetworkHandler.kt:178)
	at kotlin.coroutines.jvm.internal.BaseContinuationImpl.resumeWith(ContinuationImpl.kt:33)
	at kotlinx.coroutines.DispatchedTask.run(DispatchedTask.kt:106)
	at io.netty.util.concurrent.AbstractEventExecutor.safeExecute(AbstractEventExecutor.java:164)
	at io.netty.util.concurrent.SingleThreadEventExecutor.runAllTasks(SingleThreadEventExecutor.java:472)
	at io.netty.channel.nio.NioEventLoop.run(NioEventLoop.java:500)
	at io.netty.util.concurrent.SingleThreadEventExecutor$4.run(SingleThreadEventExecutor.java:989)
	at io.netty.util.internal.ThreadExecutorMap$2.run(ThreadExecutorMap.java:74)
	at io.netty.util.concurrent.FastThreadLocalRunnable.run(FastThreadLocalRunnable.java:30)
	at java.base/java.lang.Thread.run(Thread.java:832)
	Suppressed: java.util.concurrent.CancellationException: NetworkHandler closed
		at kotlinx.coroutines.ExceptionsKt.CancellationException(Exceptions.kt:22)
		at kotlinx.coroutines.JobKt__JobKt.cancel(Job.kt:602)
		at kotlinx.coroutines.JobKt.cancel(Unknown Source)
		at net.mamoe.mirai.internal.network.handler.NetworkHandlerSupport.close(NetworkHandlerSupport.kt:55)
		at net.mamoe.mirai.internal.network.impl.netty.NettyNetworkHandler.close(NettyNetworkHandler.kt:191)
		at net.mamoe.mirai.internal.network.handler.selector.SelectorNetworkHandler.close(SelectorNetworkHandler.kt:79)
		... 25 more
	Caused by: [CIRCULAR REFERENCE: net.mamoe.mirai.internal.network.impl.netty.ForceOfflineException: ä½ çš„å¸å·äº19:34åœ¨å¦ä¸€å°Androidæ‰‹æœºç™»å½•äº†QQã€‚å¦‚éæœ¬äººæ“ä½œï¼Œåˆ™å¯†ç å¯èƒ½å·²æ³„éœ²ï¼Œå»ºè®®å‰å¾€http://aq.qq.com/ä¿®æ”¹å¯†ç æˆ–ç´§æ€¥å†»ç»“å¸å·ã€‚]
	Suppressed: StateSwitchingException(old=StateLoading, new=StateClosed, cause=net.mamoe.mirai.internal.network.impl.netty.ForceOfflineException: ä½ çš„å¸å·äº19:34åœ¨å¦ä¸€å°Androidæ‰‹æœºç™»å½•äº†QQã€‚å¦‚éæœ¬äººæ“ä½œï¼Œåˆ™å¯†ç å¯èƒ½å·²æ³„éœ²ï¼Œå»ºè®®å‰å¾€http://aq.qq.com/ä¿®æ”¹å¯†ç æˆ–ç´§æ€¥å†»ç»“å¸å·ã€‚)
		at net.mamoe.mirai.internal.network.handler.NetworkHandlerSupport.setStateImpl$mirai_core(NetworkHandlerSupport.kt:261)
		at net.mamoe.mirai.internal.network.impl.netty.NettyNetworkHandler.close(NettyNetworkHandler.kt:409)
		at net.mamoe.mirai.internal.network.handler.selector.SelectorNetworkHandler.close(SelectorNetworkHandler.kt:79)
		... 25 more
	Caused by: [CIRCULAR REFERENCE: net.mamoe.mirai.internal.network.impl.netty.ForceOfflineException: ä½ çš„å¸å·äº19:34åœ¨å¦ä¸€å°Androidæ‰‹æœºç™»å½•äº†QQã€‚å¦‚éæœ¬äººæ“ä½œï¼Œåˆ™å¯†ç å¯èƒ½å·²æ³„éœ²ï¼Œå»ºè®®å‰å¾€http://aq.qq.com/ä¿®æ”¹å¯†ç æˆ–ç´§æ€¥å†»ç»“å¸å·ã€‚]
[0m
[0m2022-03-19 19:42:18 V/Net 1284232500: Loading server list from cache.[0m
[92m2022-03-19 19:42:18 I/Net 1284232500: Server list: 39.156.126.162:80, 36.155.209.114:8080, 120.232.69.203:8080, 36.155.201.156:80, 120.232.130.74:8080, msfwifi.3g.qq.com:8080, 120.232.67.211:443, 39.156.125.70:80, 211.136.109.25:14000, 39.156.125.20:80.[0m
[92m2022-03-19 19:42:18 I/Net 1284232500: ECDH key is invalid, start to fetch ecdh public key from server.[0m
[92m2022-03-19 19:42:18 I/Net 1284232500: Successfully fetched ecdh public key from server.[0m
[0m2022-03-19 19:42:18 V/Net 1284232500: Send: wtlogin.login[0m
[0m2022-03-19 19:42:19 V/Net 1284232500: Recv: wtlogin.login[0m
[0m2022-03-19 19:42:19 V/Net 1284232500: Send: wtlogin.login[0m
[0m2022-03-19 19:42:19 V/Net 1284232500: Recv: wtlogin.login[0m
[0m2022-03-19 19:42:19 V/Net 1284232500: Send: StatSvc.register(online)[0m
[92m2022-03-19 19:42:19 I/Net 1284232500: Server time updated, serverTime: 1647690153, diff: 14ms=0.014s[0m
[0m2022-03-19 19:42:19 V/Net 1284232500: Recv: StatSvc.register[0m
[92m2022-03-19 19:42:19 I/Net 1284232500: Syncing friend message history...[0m
[0m2022-03-19 19:42:19 V/Net 1284232500: Loading BdhSession from cache file[0m
[92m2022-03-19 19:42:19 I/Net 1284232500: Start loading stranger list...[0m
[92m2022-03-19 19:42:19 I/Net 1284232500: Start loading friend list...[0m
[0m2022-03-19 19:42:19 V/Net 1284232500: Send: StatSvc.GetDevLoginInfo(StatSvc.GetDevLoginInfo)[0m
[0m2022-03-19 19:42:19 V/Net 1284232500: Send: OidbSvc.0x5d2_0(OidbSvc.0x5d2_0)[0m
[0m2022-03-19 19:42:19 V/Net 1284232500: Send: OidbSvc.0x496(OidbSvc.0x496)[0m
[0m2022-03-19 19:42:19 V/Net 1284232500: Send: friendlist.getFriendGroupList(friendlist.getFriendGroupList)[0m
[0m2022-03-19 19:42:19 V/Net 1284232500: Recv: OidbSvc.0x5d2_0[0m
[92m2022-03-19 19:42:19 I/Net 1284232500: Successfully loaded stranger list: 0 in total[0m
[0m2022-03-19 19:42:19 V/Net 1284232500: Recv: StatSvc.GetDevLoginInfo[0m
[92m2022-03-19 19:42:19 I/Net 1284232500: No OtherClient online.[0m
[0m2022-03-19 19:42:19 V/Net 1284232500: Recv: OidbSvc.0x496[0m
[92m2022-03-19 19:42:19 I/Net 1284232500: Start loading group list...[0m
[0m2022-03-19 19:42:19 V/Net 1284232500: Send: friendlist.GetTroopListReqV2(friendlist.GetTroopListReqV2)[0m
[0m2022-03-19 19:42:19 V/Net 1284232500: Recv: friendlist.getFriendGroupList[0m
[0m2022-03-19 19:42:19 V/Net 1284232500: Loading friend list: 3/3[0m
[92m2022-03-19 19:42:19 I/Net 1284232500: Successfully loaded friend list: 3 in total[0m
[0m2022-03-19 19:42:19 V/Net 1284232500: Recv: friendlist.GetTroopListReqV2[0m
[0m2022-03-19 19:42:19 V/Net 1284232500: Send: friendlist.GetTroopMemberListReq(friendlist.GetTroopMemberListReq)[0m
[0m2022-03-19 19:42:19 V/Net 1284232500: Send: friendlist.GetTroopMemberListReq(friendlist.GetTroopMemberListReq)[0m
[0m2022-03-19 19:42:19 V/Net 1284232500: Send: friendlist.GetTroopMemberListReq(friendlist.GetTroopMemberListReq)[0m
[0m2022-03-19 19:42:19 V/Net 1284232500: Send: friendlist.GetTroopMemberListReq(friendlist.GetTroopMemberListReq)[0m
[0m2022-03-19 19:42:19 V/Net 1284232500: Send: friendlist.GetTroopMemberListReq(friendlist.GetTroopMemberListReq)[0m
[92m2022-03-19 19:42:19 I/Net 1284232500: Syncing friend message history: Success.[0m
[0m2022-03-19 19:42:19 V/Net 1284232500: Recv: friendlist.GetTroopMemberListReq[0m
[0m2022-03-19 19:42:20 V/Net 1284232500: Recv: friendlist.GetTroopMemberListReq[0m
[0m2022-03-19 19:42:20 V/Net 1284232500: Recv: friendlist.GetTroopMemberListReq[0m
[0m2022-03-19 19:42:20 V/Net 1284232500: Send: friendlist.GetTroopMemberListReq(friendlist.GetTroopMemberListReq)[0m
[0m2022-03-19 19:42:20 V/Net 1284232500: Recv: friendlist.GetTroopMemberListReq[0m
[0m2022-03-19 19:42:20 V/Net 1284232500: Recv: friendlist.GetTroopMemberListReq[0m
[0m2022-03-19 19:42:20 V/Net 1284232500: Recv: friendlist.GetTroopMemberListReq[0m
[0m2022-03-19 19:42:20 V/Net 1284232500: Send: friendlist.GetTroopMemberListReq(friendlist.GetTroopMemberListReq)[0m
[0m2022-03-19 19:42:20 V/Net 1284232500: Recv: friendlist.GetTroopMemberListReq[0m
[0m2022-03-19 19:42:20 V/Net 1284232500: Send: friendlist.GetTroopMemberListReq(friendlist.GetTroopMemberListReq)[0m
[0m2022-03-19 19:42:20 V/Net 1284232500: Recv: friendlist.GetTroopMemberListReq[0m
[0m2022-03-19 19:42:20 V/Net 1284232500: Send: friendlist.GetTroopMemberListReq(friendlist.GetTroopMemberListReq)[0m
[0m2022-03-19 19:42:20 V/Net 1284232500: Recv: friendlist.GetTroopMemberListReq[0m
[0m2022-03-19 19:42:20 V/Net 1284232500: Send: friendlist.GetTroopMemberListReq(friendlist.GetTroopMemberListReq)[0m
[0m2022-03-19 19:42:21 V/Net 1284232500: Recv: friendlist.GetTroopMemberListReq[0m
[0m2022-03-19 19:42:21 V/Net 1284232500: Send: friendlist.GetTroopMemberListReq(friendlist.GetTroopMemberListReq)[0m
[0m2022-03-19 19:42:21 V/Net 1284232500: Recv: friendlist.GetTroopMemberListReq[0m
[92m2022-03-19 19:42:21 I/Net 1284232500: Successfully loaded group list: 5 in total.[0m
[92m2022-03-19 19:42:21 I/Net 1284232500: Scheduled refresh login session in 19d 23h 55min 0.0s.[0m
[92m2022-03-19 19:42:21 I/Net 1284232500: Scheduled key refresh in 23h 55min 0.0s.[0m
[92m2022-03-19 19:42:22 I/Net 1284232500: Server list: 120.232.69.217:8080, 111.30.182.254:80, 39.156.126.147:80, 36.155.209.114:443, 120.241.150.93:14000, 36.155.201.162:14000, msfwifi.3g.qq.com:8080, 120.232.69.190:443, 39.156.125.61:80, 36.155.208.73:80.[0m
[0m2022-03-19 19:42:22 V/Net 1284232500: Saving bdh session to cache[0m
[0m2022-03-19 19:42:22 V/Net 1284232500: Saving server list to cache[0m
[0m2022-03-19 19:42:22 V/Net 1284232500: Send: ConfigPushSvc.PushResp(ConfigPushSvc.PushResp)[0m
[0m2022-03-19 19:42:22 V/Net 1284232500: Recv: ConfigPushSvc.PushReq[0m
[0m2022-03-19 19:42:22 V/Net 1284232500: Saving bdh session to cache[0m
[0m2022-03-19 19:42:22 V/Net 1284232500: Send: ConfigPushSvc.PushResp(ConfigPushSvc.PushResp)[0m
[0m2022-03-19 19:42:22 V/Net 1284232500: Recv: ConfigPushSvc.PushReq[0m
