[0m2022-03-17 22:11:22 V/Net 1284232500: No server list cached.[0m
[92m2022-03-17 22:11:24 I/Net 1284232500: ECDH key is invalid, start to fetch ecdh public key from server.[0m
[92m2022-03-17 22:11:24 I/Net 1284232500: Successfully fetched ecdh public key from server.[0m
[0m2022-03-17 22:11:24 V/Net 1284232500: Send: wtlogin.login[0m
[0m2022-03-17 22:11:25 V/Net 1284232500: Recv: wtlogin.login[0m
[0m2022-03-17 22:12:29 V/Net 1284232500: Send: wtlogin.login[0m
[0m2022-03-17 22:12:30 V/Net 1284232500: Recv: wtlogin.login[0m
[0m2022-03-17 22:12:30 V/Net 1284232500: Send: wtlogin.login[0m
[0m2022-03-17 22:12:30 V/Net 1284232500: Recv: wtlogin.login[0m
[0m2022-03-17 22:12:30 V/Net 1284232500: Send: StatSvc.register(online)[0m
[0m2022-03-17 22:12:30 V/Net 1284232500: No BdhSession cache[0m
[92m2022-03-17 22:12:30 I/Net 1284232500: Syncing friend message history...[0m
[92m2022-03-17 22:12:30 I/Net 1284232500: Start loading friend list...[0m
[92m2022-03-17 22:12:30 I/Net 1284232500: Start loading stranger list...[0m
[0m2022-03-17 22:12:30 V/Net 1284232500: Send: StatSvc.GetDevLoginInfo(StatSvc.GetDevLoginInfo)[0m
[0m2022-03-17 22:12:30 V/Net 1284232500: Send: OidbSvc.0x496(OidbSvc.0x496)[0m
[0m2022-03-17 22:12:30 V/Net 1284232500: Send: friendlist.getFriendGroupList(friendlist.getFriendGroupList)[0m
[0m2022-03-17 22:12:30 V/Net 1284232500: Send: OidbSvc.0x5d2_0(OidbSvc.0x5d2_0)[0m
[92m2022-03-17 22:12:30 I/Net 1284232500: Server time updated, serverTime: 1647526360, diff: 10ms=0.01s[0m
[0m2022-03-17 22:12:30 V/Net 1284232500: Recv: StatSvc.register[0m
[92m2022-03-17 22:12:30 I/Net 1284232500: Successfully loaded stranger list: 0 in total[0m
[0m2022-03-17 22:12:30 V/Net 1284232500: Recv: OidbSvc.0x5d2_0[0m
[0m2022-03-17 22:12:30 V/Net 1284232500: Recv: StatSvc.GetDevLoginInfo[0m
[92m2022-03-17 22:12:30 I/Net 1284232500: No OtherClient online.[0m
[92m2022-03-17 22:12:30 I/Net 1284232500: Start loading group list...[0m
[0m2022-03-17 22:12:30 V/Net 1284232500: Recv: OidbSvc.0x496[0m
[0m2022-03-17 22:12:30 V/Net 1284232500: Send: friendlist.GetTroopListReqV2(friendlist.GetTroopListReqV2)[0m
[0m2022-03-17 22:12:30 V/Net 1284232500: Recv: friendlist.getFriendGroupList[0m
[0m2022-03-17 22:12:30 V/Net 1284232500: Loading friend list: 3/3[0m
[92m2022-03-17 22:12:30 I/Net 1284232500: Successfully loaded friend list: 3 in total[0m
[0m2022-03-17 22:12:30 V/Net 1284232500: Recv: friendlist.GetTroopListReqV2[0m
[0m2022-03-17 22:12:30 V/Net 1284232500: Send: friendlist.GetTroopMemberListReq(friendlist.GetTroopMemberListReq)[0m
[0m2022-03-17 22:12:30 V/Net 1284232500: Send: friendlist.GetTroopMemberListReq(friendlist.GetTroopMemberListReq)[0m
[0m2022-03-17 22:12:30 V/Net 1284232500: Send: friendlist.GetTroopMemberListReq(friendlist.GetTroopMemberListReq)[0m
[0m2022-03-17 22:12:30 V/Net 1284232500: Send: friendlist.GetTroopMemberListReq(friendlist.GetTroopMemberListReq)[0m
[0m2022-03-17 22:12:30 V/Net 1284232500: Send: friendlist.GetTroopMemberListReq(friendlist.GetTroopMemberListReq)[0m
[0m2022-03-17 22:12:30 V/Net 1284232500: Recv: friendlist.GetTroopMemberListReq[0m
[0m2022-03-17 22:12:30 V/Net 1284232500: Recv: friendlist.GetTroopMemberListReq[0m
[92m2022-03-17 22:12:30 I/Net 1284232500: Syncing friend message history: Success.[0m
[0m2022-03-17 22:12:30 V/Net 1284232500: Recv: friendlist.GetTroopMemberListReq[0m
[0m2022-03-17 22:12:30 V/Net 1284232500: Recv: friendlist.GetTroopMemberListReq[0m
[0m2022-03-17 22:12:30 V/Net 1284232500: Send: friendlist.GetTroopMemberListReq(friendlist.GetTroopMemberListReq)[0m
[0m2022-03-17 22:12:30 V/Net 1284232500: Recv: friendlist.GetTroopMemberListReq[0m
[0m2022-03-17 22:12:31 V/Net 1284232500: Recv: friendlist.GetTroopMemberListReq[0m
[0m2022-03-17 22:12:31 V/Net 1284232500: Send: friendlist.GetTroopMemberListReq(friendlist.GetTroopMemberListReq)[0m
[0m2022-03-17 22:12:31 V/Net 1284232500: Recv: friendlist.GetTroopMemberListReq[0m
[0m2022-03-17 22:12:31 V/Net 1284232500: Send: friendlist.GetTroopMemberListReq(friendlist.GetTroopMemberListReq)[0m
[0m2022-03-17 22:12:31 V/Net 1284232500: Recv: friendlist.GetTroopMemberListReq[0m
[0m2022-03-17 22:12:31 V/Net 1284232500: Send: friendlist.GetTroopMemberListReq(friendlist.GetTroopMemberListReq)[0m
[0m2022-03-17 22:12:31 V/Net 1284232500: Recv: friendlist.GetTroopMemberListReq[0m
[0m2022-03-17 22:12:31 V/Net 1284232500: Send: friendlist.GetTroopMemberListReq(friendlist.GetTroopMemberListReq)[0m
[0m2022-03-17 22:12:32 V/Net 1284232500: Recv: friendlist.GetTroopMemberListReq[0m
[0m2022-03-17 22:12:32 V/Net 1284232500: Send: friendlist.GetTroopMemberListReq(friendlist.GetTroopMemberListReq)[0m
[0m2022-03-17 22:12:32 V/Net 1284232500: Recv: friendlist.GetTroopMemberListReq[0m
[92m2022-03-17 22:12:32 I/Net 1284232500: Successfully loaded group list: 5 in total.[0m
[92m2022-03-17 22:12:32 I/Net 1284232500: Scheduled refresh login session in 19d 23h 55min 0.0s.[0m
[92m2022-03-17 22:12:32 I/Net 1284232500: Scheduled key refresh in 23h 55min 0.0s.[0m
[92m2022-03-17 22:12:33 I/Net 1284232500: Server list: 39.156.126.162:80, 36.155.209.114:8080, 120.232.69.203:8080, 36.155.201.156:80, 120.232.130.74:8080, msfwifi.3g.qq.com:8080, 120.232.67.211:443, 39.156.125.70:80, 211.136.109.25:14000, 39.156.125.20:80.[0m
[0m2022-03-17 22:12:33 V/Net 1284232500: No BdhSession to save to cache[0m
[0m2022-03-17 22:12:33 V/Net 1284232500: Saving server list to cache[0m
[0m2022-03-17 22:12:33 V/Net 1284232500: Send: ConfigPushSvc.PushResp(ConfigPushSvc.PushResp)[0m
[0m2022-03-17 22:12:33 V/Net 1284232500: Recv: ConfigPushSvc.PushReq[0m
[0m2022-03-17 22:12:33 V/Net 1284232500: Saving bdh session to cache[0m
[0m2022-03-17 22:12:33 V/Net 1284232500: Send: ConfigPushSvc.PushResp(ConfigPushSvc.PushResp)[0m
[0m2022-03-17 22:12:33 V/Net 1284232500: Recv: ConfigPushSvc.PushReq[0m
[0m2022-03-17 22:16:59 V/Net 1284232500: Send: MessageSvc.PbSendMsg(MessageSvc.PbSendMsg)[0m
[0m2022-03-17 22:16:59 V/Net 1284232500: Recv: MessageSvc.PbSendMsg[0m
[0m2022-03-17 22:17:07 V/Net 1284232500: Send: MessageSvc.PbSendMsg(MessageSvc.PbSendMsg)[0m
[0m2022-03-17 22:17:08 V/Net 1284232500: Recv: MessageSvc.PbSendMsg[0m
[0m2022-03-17 22:17:09 V/Net 1284232500: Send: MessageSvc.PbSendMsg(MessageSvc.PbSendMsg)[0m
[0m2022-03-17 22:17:09 V/Net 1284232500: Recv: MessageSvc.PbSendMsg[0m
[0m2022-03-17 22:17:14 V/Net 1284232500: Send: MessageSvc.PbSendMsg(MessageSvc.PbSendMsg)[0m
[0m2022-03-17 22:17:15 V/Net 1284232500: Recv: MessageSvc.PbSendMsg[0m
[0m2022-03-17 22:17:19 V/Net 1284232500: Send: MessageSvc.PbSendMsg(MessageSvc.PbSendMsg)[0m
[0m2022-03-17 22:17:19 V/Net 1284232500: Recv: MessageSvc.PbSendMsg[0m
[0m2022-03-17 22:17:30 V/Net 1284232500: Send: MessageSvc.PbSendMsg(MessageSvc.PbSendMsg)[0m
[0m2022-03-17 22:17:30 V/Net 1284232500: Recv: MessageSvc.PbSendMsg[0m
[0m2022-03-17 22:17:30 V/Net 1284232500: Send: MessageSvc.PbSendMsg(MessageSvc.PbSendMsg)[0m
[0m2022-03-17 22:17:30 V/Net 1284232500: Recv: MessageSvc.PbSendMsg[0m
[0m2022-03-17 22:17:31 V/Net 1284232500: Send: MessageSvc.PbSendMsg(MessageSvc.PbSendMsg)[0m
[0m2022-03-17 22:17:31 V/Net 1284232500: Recv: MessageSvc.PbSendMsg[0m
[0m2022-03-17 22:17:37 V/Net 1284232500: Send: MessageSvc.PbSendMsg(MessageSvc.PbSendMsg)[0m
[0m2022-03-17 22:17:37 V/Net 1284232500: Recv: MessageSvc.PbSendMsg[0m
[0m2022-03-17 22:32:00 V/Net 1284232500: Loading server list from cache.[0m
[92m2022-03-17 22:32:00 I/Net 1284232500: Server list: 39.156.126.162:80, 36.155.209.114:8080, 120.232.69.203:8080, 36.155.201.156:80, 120.232.130.74:8080, msfwifi.3g.qq.com:8080, 120.232.67.211:443, 39.156.125.70:80, 211.136.109.25:14000, 39.156.125.20:80.[0m
[92m2022-03-17 22:32:02 I/Net 1284232500: ECDH key is valid.[0m
[0m2022-03-17 22:32:02 V/Net 1284232500: Send: wtlogin.exchange_emp[0m
[0m2022-03-17 22:32:02 V/Net 1284232500: Recv: wtlogin.exchange_emp[0m
[0m2022-03-17 22:32:02 V/Net 1284232500: Send: StatSvc.register(online)[0m
[92m2022-03-17 22:32:02 I/Net 1284232500: Server time updated, serverTime: 1647527533, diff: 11ms=0.011s[0m
[0m2022-03-17 22:32:02 V/Net 1284232500: Recv: StatSvc.register[0m
[0m2022-03-17 22:32:02 V/Net 1284232500: Loading BdhSession from cache file[0m
[92m2022-03-17 22:32:02 I/Net 1284232500: Syncing friend message history...[0m
[92m2022-03-17 22:32:02 I/Net 1284232500: Start loading stranger list...[0m
[92m2022-03-17 22:32:02 I/Net 1284232500: Start loading friend list...[0m
[0m2022-03-17 22:32:02 V/Net 1284232500: Send: StatSvc.GetDevLoginInfo(StatSvc.GetDevLoginInfo)[0m
[0m2022-03-17 22:32:02 V/Net 1284232500: Send: OidbSvc.0x496(OidbSvc.0x496)[0m
[0m2022-03-17 22:32:02 V/Net 1284232500: Send: OidbSvc.0x5d2_0(OidbSvc.0x5d2_0)[0m
[0m2022-03-17 22:32:02 V/Net 1284232500: Send: friendlist.getFriendGroupList(friendlist.getFriendGroupList)[0m
[0m2022-03-17 22:32:02 V/Net 1284232500: Recv: OidbSvc.0x5d2_0[0m
[92m2022-03-17 22:32:02 I/Net 1284232500: Successfully loaded stranger list: 0 in total[0m
[0m2022-03-17 22:32:02 V/Net 1284232500: Recv: StatSvc.GetDevLoginInfo[0m
[92m2022-03-17 22:32:02 I/Net 1284232500: No OtherClient online.[0m
[0m2022-03-17 22:32:02 V/Net 1284232500: Recv: OidbSvc.0x496[0m
[0m2022-03-17 22:32:02 V/Net 1284232500: Recv: friendlist.getFriendGroupList[0m
[92m2022-03-17 22:32:02 I/Net 1284232500: Start loading group list...[0m
[0m2022-03-17 22:32:02 V/Net 1284232500: Loading friend list: 3/3[0m
[92m2022-03-17 22:32:02 I/Net 1284232500: Successfully loaded friend list: 3 in total[0m
[0m2022-03-17 22:32:02 V/Net 1284232500: Send: friendlist.GetTroopListReqV2(friendlist.GetTroopListReqV2)[0m
[0m2022-03-17 22:32:03 V/Net 1284232500: Recv: friendlist.GetTroopListReqV2[0m
[0m2022-03-17 22:32:03 V/Net 1284232500: Send: friendlist.GetTroopMemberListReq(friendlist.GetTroopMemberListReq)[0m
[0m2022-03-17 22:32:03 V/Net 1284232500: Send: friendlist.GetTroopMemberListReq(friendlist.GetTroopMemberListReq)[0m
[0m2022-03-17 22:32:03 V/Net 1284232500: Send: friendlist.GetTroopMemberListReq(friendlist.GetTroopMemberListReq)[0m
[0m2022-03-17 22:32:03 V/Net 1284232500: Send: friendlist.GetTroopMemberListReq(friendlist.GetTroopMemberListReq)[0m
[0m2022-03-17 22:32:03 V/Net 1284232500: Send: friendlist.GetTroopMemberListReq(friendlist.GetTroopMemberListReq)[0m
[92m2022-03-17 22:32:03 I/Net 1284232500: Syncing friend message history: Success.[0m
[0m2022-03-17 22:32:03 V/Net 1284232500: Recv: friendlist.GetTroopMemberListReq[0m
[0m2022-03-17 22:32:03 V/Net 1284232500: Recv: friendlist.GetTroopMemberListReq[0m
[0m2022-03-17 22:32:03 V/Net 1284232500: Recv: friendlist.GetTroopMemberListReq[0m
[0m2022-03-17 22:32:03 V/Net 1284232500: Recv: friendlist.GetTroopMemberListReq[0m
[0m2022-03-17 22:32:03 V/Net 1284232500: Recv: friendlist.GetTroopMemberListReq[0m
[0m2022-03-17 22:32:03 V/Net 1284232500: Send: friendlist.GetTroopMemberListReq(friendlist.GetTroopMemberListReq)[0m
[0m2022-03-17 22:32:03 V/Net 1284232500: Recv: friendlist.GetTroopMemberListReq[0m
[0m2022-03-17 22:32:03 V/Net 1284232500: Send: friendlist.GetTroopMemberListReq(friendlist.GetTroopMemberListReq)[0m
[0m2022-03-17 22:32:03 V/Net 1284232500: Recv: friendlist.GetTroopMemberListReq[0m
[0m2022-03-17 22:32:03 V/Net 1284232500: Send: friendlist.GetTroopMemberListReq(friendlist.GetTroopMemberListReq)[0m
[0m2022-03-17 22:32:03 V/Net 1284232500: Recv: friendlist.GetTroopMemberListReq[0m
[0m2022-03-17 22:32:03 V/Net 1284232500: Send: friendlist.GetTroopMemberListReq(friendlist.GetTroopMemberListReq)[0m
[0m2022-03-17 22:32:03 V/Net 1284232500: Recv: friendlist.GetTroopMemberListReq[0m
[0m2022-03-17 22:32:03 V/Net 1284232500: Send: friendlist.GetTroopMemberListReq(friendlist.GetTroopMemberListReq)[0m
[0m2022-03-17 22:32:04 V/Net 1284232500: Recv: friendlist.GetTroopMemberListReq[0m
[0m2022-03-17 22:32:04 V/Net 1284232500: Send: friendlist.GetTroopMemberListReq(friendlist.GetTroopMemberListReq)[0m
[0m2022-03-17 22:32:04 V/Net 1284232500: Recv: friendlist.GetTroopMemberListReq[0m
[92m2022-03-17 22:32:04 I/Net 1284232500: Successfully loaded group list: 5 in total.[0m
[92m2022-03-17 22:32:04 I/Net 1284232500: Scheduled refresh login session in 19d 23h 55min 0.0s.[0m
[92m2022-03-17 22:32:04 I/Net 1284232500: Scheduled key refresh in 23h 55min 0.0s.[0m
[0m2022-03-17 22:32:05 V/Net 1284232500: Saving bdh session to cache[0m
[0m2022-03-17 22:32:05 V/Net 1284232500: Send: ConfigPushSvc.PushResp(ConfigPushSvc.PushResp)[0m
[0m2022-03-17 22:32:05 V/Net 1284232500: Recv: ConfigPushSvc.PushReq[0m
[0m2022-03-17 22:32:20 V/Net 1284232500: Send: MessageSvc.PbSendMsg(MessageSvc.PbSendMsg)[0m
[0m2022-03-17 22:32:21 V/Net 1284232500: Recv: MessageSvc.PbSendMsg[0m
[0m2022-03-17 22:32:21 V/Net 1284232500: Send: MessageSvc.PbSendMsg(MessageSvc.PbSendMsg)[0m
[0m2022-03-17 22:32:21 V/Net 1284232500: Recv: MessageSvc.PbSendMsg[0m
[0m2022-03-17 22:32:52 V/Net 1284232500: Send: MessageSvc.PbSendMsg(MessageSvc.PbSendMsg)[0m
[0m2022-03-17 22:32:52 V/Net 1284232500: Recv: MessageSvc.PbSendMsg[0m
[0m2022-03-17 22:32:53 V/Net 1284232500: Send: MessageSvc.PbSendMsg(MessageSvc.PbSendMsg)[0m
[0m2022-03-17 22:32:53 V/Net 1284232500: Recv: MessageSvc.PbSendMsg[0m
[0m2022-03-17 22:33:02 V/Net 1284232500: Loading server list from cache.[0m
[92m2022-03-17 22:33:02 I/Net 1284232500: Server list: 39.156.126.162:80, 36.155.209.114:8080, 120.232.69.203:8080, 36.155.201.156:80, 120.232.130.74:8080, msfwifi.3g.qq.com:8080, 120.232.67.211:443, 39.156.125.70:80, 211.136.109.25:14000, 39.156.125.20:80.[0m
[92m2022-03-17 22:33:03 I/Net 1284232500: ECDH key is valid.[0m
[0m2022-03-17 22:33:03 V/Net 1284232500: Send: wtlogin.exchange_emp[0m
[0m2022-03-17 22:33:04 V/Net 1284232500: Recv: wtlogin.exchange_emp[0m
[0m2022-03-17 22:33:04 V/Net 1284232500: Send: StatSvc.register(online)[0m
[92m2022-03-17 22:33:04 I/Net 1284232500: Server time updated, serverTime: 1647527594, diff: 10ms=0.01s[0m
[0m2022-03-17 22:33:04 V/Net 1284232500: Recv: StatSvc.register[0m
[0m2022-03-17 22:33:04 V/Net 1284232500: Loading BdhSession from cache file[0m
[92m2022-03-17 22:33:04 I/Net 1284232500: Syncing friend message history...[0m
[92m2022-03-17 22:33:04 I/Net 1284232500: Start loading stranger list...[0m
[92m2022-03-17 22:33:04 I/Net 1284232500: Start loading friend list...[0m
[0m2022-03-17 22:33:04 V/Net 1284232500: Send: StatSvc.GetDevLoginInfo(StatSvc.GetDevLoginInfo)[0m
[0m2022-03-17 22:33:04 V/Net 1284232500: Send: OidbSvc.0x496(OidbSvc.0x496)[0m
[0m2022-03-17 22:33:04 V/Net 1284232500: Send: OidbSvc.0x5d2_0(OidbSvc.0x5d2_0)[0m
[0m2022-03-17 22:33:04 V/Net 1284232500: Send: friendlist.getFriendGroupList(friendlist.getFriendGroupList)[0m
[0m2022-03-17 22:33:04 V/Net 1284232500: Recv: StatSvc.GetDevLoginInfo[0m
[92m2022-03-17 22:33:04 I/Net 1284232500: No OtherClient online.[0m
[0m2022-03-17 22:33:04 V/Net 1284232500: Recv: friendlist.getFriendGroupList[0m
[0m2022-03-17 22:33:04 V/Net 1284232500: Loading friend list: 3/3[0m
[92m2022-03-17 22:33:04 I/Net 1284232500: Successfully loaded friend list: 3 in total[0m
[92m2022-03-17 22:33:04 I/Net 1284232500: Successfully loaded stranger list: 0 in total[0m
[0m2022-03-17 22:33:04 V/Net 1284232500: Recv: OidbSvc.0x5d2_0[0m
[92m2022-03-17 22:33:04 I/Net 1284232500: Start loading group list...[0m
[0m2022-03-17 22:33:04 V/Net 1284232500: Recv: OidbSvc.0x496[0m
[0m2022-03-17 22:33:04 V/Net 1284232500: Send: friendlist.GetTroopListReqV2(friendlist.GetTroopListReqV2)[0m
[0m2022-03-17 22:33:04 V/Net 1284232500: Recv: friendlist.GetTroopListReqV2[0m
[0m2022-03-17 22:33:04 V/Net 1284232500: Send: friendlist.GetTroopMemberListReq(friendlist.GetTroopMemberListReq)[0m
[0m2022-03-17 22:33:04 V/Net 1284232500: Send: friendlist.GetTroopMemberListReq(friendlist.GetTroopMemberListReq)[0m
[0m2022-03-17 22:33:04 V/Net 1284232500: Send: friendlist.GetTroopMemberListReq(friendlist.GetTroopMemberListReq)[0m
[0m2022-03-17 22:33:04 V/Net 1284232500: Send: friendlist.GetTroopMemberListReq(friendlist.GetTroopMemberListReq)[0m
[0m2022-03-17 22:33:04 V/Net 1284232500: Send: friendlist.GetTroopMemberListReq(friendlist.GetTroopMemberListReq)[0m
[0m2022-03-17 22:33:04 V/Net 1284232500: Recv: friendlist.GetTroopMemberListReq[0m
[92m2022-03-17 22:33:04 I/Net 1284232500: Syncing friend message history: Success.[0m
[0m2022-03-17 22:33:04 V/Net 1284232500: Recv: friendlist.GetTroopMemberListReq[0m
[0m2022-03-17 22:33:04 V/Net 1284232500: Recv: friendlist.GetTroopMemberListReq[0m
[0m2022-03-17 22:33:04 V/Net 1284232500: Recv: friendlist.GetTroopMemberListReq[0m
[0m2022-03-17 22:33:04 V/Net 1284232500: Send: friendlist.GetTroopMemberListReq(friendlist.GetTroopMemberListReq)[0m
[0m2022-03-17 22:33:04 V/Net 1284232500: Recv: friendlist.GetTroopMemberListReq[0m
[0m2022-03-17 22:33:05 V/Net 1284232500: Recv: friendlist.GetTroopMemberListReq[0m
[0m2022-03-17 22:33:05 V/Net 1284232500: Send: friendlist.GetTroopMemberListReq(friendlist.GetTroopMemberListReq)[0m
[0m2022-03-17 22:33:05 V/Net 1284232500: Recv: friendlist.GetTroopMemberListReq[0m
[0m2022-03-17 22:33:05 V/Net 1284232500: Send: friendlist.GetTroopMemberListReq(friendlist.GetTroopMemberListReq)[0m
[0m2022-03-17 22:33:05 V/Net 1284232500: Recv: friendlist.GetTroopMemberListReq[0m
[0m2022-03-17 22:33:05 V/Net 1284232500: Send: friendlist.GetTroopMemberListReq(friendlist.GetTroopMemberListReq)[0m
[0m2022-03-17 22:33:05 V/Net 1284232500: Recv: friendlist.GetTroopMemberListReq[0m
[0m2022-03-17 22:33:05 V/Net 1284232500: Send: friendlist.GetTroopMemberListReq(friendlist.GetTroopMemberListReq)[0m
[0m2022-03-17 22:33:05 V/Net 1284232500: Recv: friendlist.GetTroopMemberListReq[0m
[0m2022-03-17 22:33:05 V/Net 1284232500: Send: friendlist.GetTroopMemberListReq(friendlist.GetTroopMemberListReq)[0m
[0m2022-03-17 22:33:06 V/Net 1284232500: Recv: friendlist.GetTroopMemberListReq[0m
[92m2022-03-17 22:33:06 I/Net 1284232500: Successfully loaded group list: 5 in total.[0m
[92m2022-03-17 22:33:06 I/Net 1284232500: Scheduled refresh login session in 19d 23h 55min 0.0s.[0m
[92m2022-03-17 22:33:06 I/Net 1284232500: Scheduled key refresh in 23h 55min 0.0s.[0m
[0m2022-03-17 22:33:07 V/Net 1284232500: Saving bdh session to cache[0m
[0m2022-03-17 22:33:07 V/Net 1284232500: Send: ConfigPushSvc.PushResp(ConfigPushSvc.PushResp)[0m
[0m2022-03-17 22:33:07 V/Net 1284232500: Recv: ConfigPushSvc.PushReq[0m
[0m2022-03-17 22:34:34 V/Net 1284232500: Send: MessageSvc.PbSendMsg(MessageSvc.PbSendMsg)[0m
[0m2022-03-17 22:34:34 V/Net 1284232500: Recv: MessageSvc.PbSendMsg[0m
[0m2022-03-17 22:40:20 V/Net 1284232500: Send: MessageSvc.PbSendMsg(MessageSvc.PbSendMsg)[0m
[0m2022-03-17 22:40:20 V/Net 1284232500: Recv: MessageSvc.PbSendMsg[0m
[0m2022-03-17 22:40:39 V/Net 1284232500: Send: MessageSvc.PbSendMsg(MessageSvc.PbSendMsg)[0m
[0m2022-03-17 22:40:39 V/Net 1284232500: Recv: MessageSvc.PbSendMsg[0m
